#
# There is insufficient memory for the Java Runtime Environment to continue.
# Native memory allocation (malloc) failed to allocate 1915072 bytes for Chunk::new
# Possible reasons:
#   The system is out of physical RAM or swap space
#   The process is running with CompressedOops enabled, and the Java Heap may be blocking the growth of the native heap
# Possible solutions:
#   Reduce memory load on the system
#   Increase physical memory or swap space
#   Check if swap backing store is full
#   Decrease Java heap size (-Xmx/-Xms)
#   Decrease number of Java threads
#   Decrease Java thread stack sizes (-Xss)
#   Set larger code cache with -XX:ReservedCodeCacheSize=
#   JVM is running with Zero Based Compressed Oops mode in which the Java heap is
#     placed in the first 32GB address space. The Java Heap base address is the
#     maximum limit for the native heap growth. Please use -XX:HeapBaseMinAddress
#     to set the Java Heap base and to place the Java Heap above 32GB virtual address.
# This output file may be truncated or incomplete.
#
#  Out of Memory Error (arena.cpp:189), pid=15108, tid=14356
#
# JRE version: Java(TM) SE Runtime Environment (17.0.2+8) (build 17.0.2+8-LTS-86)
# Java VM: Java HotSpot(TM) 64-Bit Server VM (17.0.2+8-LTS-86, mixed mode, sharing, tiered, compressed oops, compressed class ptrs, g1 gc, windows-amd64)
# No core dump will be written. Minidumps are not enabled by default on client versions of Windows
#

---------------  S U M M A R Y ------------

Command Line: -Dfile.encoding=UTF-8 -XX:+ShowCodeDetailsInExceptionMessages com.spaceData.spacemicroservice.SpaceMicroserviceApplication

Host: Intel(R) Core(TM) i5-3337U CPU @ 1.80GHz, 4 cores, 11G,  Windows 10 , 64 bit Build 19041 (10.0.19041.2364)
Time: Fri Jan 20 17:28:24 2023 Hora est. Pacífico, Sudamérica elapsed time: 455.802256 seconds (0d 0h 7m 35s)

---------------  T H R E A D  ---------------

Current thread (0x0000019bc6490240):  JavaThread "C2 CompilerThread1" daemon [_thread_in_native, id=14356, stack(0x00000020fc300000,0x00000020fc400000)]


Current CompileTask:
C2: 455802 7176       4       org.springframework.boot.context.properties.source.SpringIterableConfigurationPropertySource::containsDescendantOf (102 bytes)

Stack: [0x00000020fc300000,0x00000020fc400000]
Native frames: (J=compiled Java code, j=interpreted, Vv=VM code, C=native code)
V  [jvm.dll+0x670baa]
V  [jvm.dll+0x7cfcb4]
V  [jvm.dll+0x7d145e]
V  [jvm.dll+0x7d1ac3]
V  [jvm.dll+0x242bc5]
V  [jvm.dll+0xaa57b]
V  [jvm.dll+0xaab0c]
V  [jvm.dll+0x35fd07]
V  [jvm.dll+0x1b9b68]
V  [jvm.dll+0x215de9]
V  [jvm.dll+0x2150b1]
V  [jvm.dll+0x1a1bbd]
V  [jvm.dll+0x224908]
V  [jvm.dll+0x222a6c]
V  [jvm.dll+0x7859bb]
V  [jvm.dll+0x77ff7a]
V  [jvm.dll+0x66fa35]
C  [ucrtbase.dll+0x21bb2]
C  [KERNEL32.DLL+0x17614]
C  [ntdll.dll+0x526a1]


---------------  P R O C E S S  ---------------

Threads class SMR info:
_java_thread_list=0x0000019bcaf60fd0, length=15, elements={
0x0000019bc43dd8f0, 0x0000019bc43e07c0, 0x0000019bc43ef060, 0x0000019bc43f4950,
0x0000019bc43f5210, 0x0000019bc43f5ad0, 0x0000019bc43f9bc0, 0x0000019bc4403590,
0x0000019bc4416660, 0x0000019bc50c02a0, 0x0000019bc50d0c30, 0x0000019bcaf08bf0,
0x0000019bcaf09a60, 0x0000019bcaf03ef0, 0x0000019bc6490240
}

Java Threads: ( => current thread )
  0x0000019bc43dd8f0 JavaThread "Reference Handler" daemon [_thread_blocked, id=14996, stack(0x00000020fc100000,0x00000020fc200000)]
  0x0000019bc43e07c0 JavaThread "Finalizer" daemon [_thread_blocked, id=16736, stack(0x00000020fc200000,0x00000020fc300000)]
  0x0000019bc43ef060 JavaThread "Signal Dispatcher" daemon [_thread_blocked, id=20856, stack(0x00000020fc400000,0x00000020fc500000)]
  0x0000019bc43f4950 JavaThread "Attach Listener" daemon [_thread_blocked, id=18252, stack(0x00000020fc500000,0x00000020fc600000)]
  0x0000019bc43f5210 JavaThread "Service Thread" daemon [_thread_blocked, id=16392, stack(0x00000020fc600000,0x00000020fc700000)]
  0x0000019bc43f5ad0 JavaThread "Monitor Deflation Thread" daemon [_thread_blocked, id=14624, stack(0x00000020fc700000,0x00000020fc800000)]
  0x0000019bc43f9bc0 JavaThread "C2 CompilerThread0" daemon [_thread_blocked, id=2884, stack(0x00000020fc800000,0x00000020fc900000)]
  0x0000019bc4403590 JavaThread "C1 CompilerThread0" daemon [_thread_blocked, id=1308, stack(0x00000020fc900000,0x00000020fca00000)]
  0x0000019bc4416660 JavaThread "Sweeper thread" daemon [_thread_blocked, id=10168, stack(0x00000020fca00000,0x00000020fcb00000)]
  0x0000019bc50c02a0 JavaThread "Notification Thread" daemon [_thread_blocked, id=15588, stack(0x00000020fcb00000,0x00000020fcc00000)]
  0x0000019bc50d0c30 JavaThread "Common-Cleaner" daemon [_thread_blocked, id=19524, stack(0x00000020fcd00000,0x00000020fce00000)]
  0x0000019bcaf08bf0 JavaThread "DestroyJavaVM" [_thread_blocked, id=21604, stack(0x00000020fba00000,0x00000020fbb00000)]
  0x0000019bcaf09a60 JavaThread "Thread-1" [_thread_blocked, id=14604, stack(0x00000020fb800000,0x00000020fb900000)]
  0x0000019bcaf03ef0 JavaThread "restartedMain" [_thread_in_native, id=13052, stack(0x00000020fce00000,0x00000020fcf00000)]
=>0x0000019bc6490240 JavaThread "C2 CompilerThread1" daemon [_thread_in_native, id=14356, stack(0x00000020fc300000,0x00000020fc400000)]

Other Threads:
  0x0000019bc43d6510 VMThread "VM Thread" [stack: 0x00000020fc000000,0x00000020fc100000] [id=9392]
  0x0000019bc50c4790 WatcherThread [stack: 0x00000020fcc00000,0x00000020fcd00000] [id=18688]
  0x0000019ba46124e0 GCTaskThread "GC Thread#0" [stack: 0x00000020fbb00000,0x00000020fbc00000] [id=7480]
  0x0000019bc571e7b0 GCTaskThread "GC Thread#1" [stack: 0x00000020fcf00000,0x00000020fd000000] [id=20236]
  0x0000019bc571ea60 GCTaskThread "GC Thread#2" [stack: 0x00000020fd000000,0x00000020fd100000] [id=6452]
  0x0000019bc571ed10 GCTaskThread "GC Thread#3" [stack: 0x00000020fd100000,0x00000020fd200000] [id=20404]
  0x0000019ba461fa00 ConcurrentGCThread "G1 Main Marker" [stack: 0x00000020fbc00000,0x00000020fbd00000] [id=15076]
  0x0000019ba4620410 ConcurrentGCThread "G1 Conc#0" [stack: 0x00000020fbd00000,0x00000020fbe00000] [id=21380]
  0x0000019ba469dcb0 ConcurrentGCThread "G1 Refine#0" [stack: 0x00000020fbe00000,0x00000020fbf00000] [id=22916]
  0x0000019bc7ec6390 ConcurrentGCThread "G1 Refine#1" [stack: 0x00000020fd600000,0x00000020fd700000] [id=15724]
  0x0000019ba469e5e0 ConcurrentGCThread "G1 Service" [stack: 0x00000020fbf00000,0x00000020fc000000] [id=18948]

Threads with active compile tasks:
C2 CompilerThread1   455850 7176       4       org.springframework.boot.context.properties.source.SpringIterableConfigurationPropertySource::containsDescendantOf (102 bytes)

VM state: not at safepoint (normal execution)

VM Mutex/Monitor currently owned by a thread: None

Heap address: 0x0000000741c00000, size: 3044 MB, Compressed Oops mode: Zero based, Oop shift amount: 3

CDS archive(s) mapped at: [0x0000000800000000-0x0000000800bc0000-0x0000000800bc0000), size 12320768, SharedBaseAddress: 0x0000000800000000, ArchiveRelocationMode: 0.
Compressed class space mapped at: 0x0000000800c00000-0x0000000840c00000, reserved size: 1073741824
Narrow klass base: 0x0000000800000000, Narrow klass shift: 0, Narrow klass range: 0x100000000

GC Precious Log:
 CPUs: 4 total, 4 available
 Memory: 12169M
 Large Page Support: Disabled
 NUMA Support: Disabled
 Compressed Oops: Enabled (Zero based)
 Heap Region Size: 2M
 Heap Min Capacity: 8M
 Heap Initial Capacity: 192M
 Heap Max Capacity: 3044M
 Pre-touch: Disabled
 Parallel Workers: 4
 Concurrent Workers: 1
 Concurrent Refinement Workers: 4
 Periodic GC: Disabled

Heap:
 garbage-first heap   total 73728K, used 42086K [0x0000000741c00000, 0x0000000800000000)
  region size 2048K, 6 young (12288K), 0 survivors (0K)
 Metaspace       used 67055K, committed 67520K, reserved 1114112K
  class space    used 8910K, committed 9152K, reserved 1048576K

Heap Regions: E=young(eden), S=young(survivor), O=old, HS=humongous(starts), HC=humongous(continues), CS=collection set, F=free, OA=open archive, CA=closed archive, TAMS=top-at-mark-start (previous, next)
|   0|0x0000000741c00000, 0x0000000741e00000, 0x0000000741e00000|100%| O|  |TAMS 0x0000000741e00000, 0x0000000741c00000| Untracked 
|   1|0x0000000741e00000, 0x0000000741fffff0, 0x0000000742000000| 99%| O|  |TAMS 0x0000000741e00000, 0x0000000741e00000| Untracked 
|   2|0x0000000742000000, 0x0000000742200000, 0x0000000742200000|100%| O|  |TAMS 0x0000000742200000, 0x0000000742000000| Untracked 
|   3|0x0000000742200000, 0x00000007423ffff0, 0x0000000742400000| 99%| O|  |TAMS 0x0000000742200000, 0x0000000742200000| Untracked 
|   4|0x0000000742400000, 0x00000007425fffd8, 0x0000000742600000| 99%| O|  |TAMS 0x0000000742400000, 0x0000000742400000| Untracked 
|   5|0x0000000742600000, 0x00000007427fff80, 0x0000000742800000| 99%| O|  |TAMS 0x0000000742600000, 0x0000000742600000| Untracked 
|   6|0x0000000742800000, 0x00000007429fff88, 0x0000000742a00000| 99%| O|  |TAMS 0x0000000742800000, 0x0000000742800000| Untracked 
|   7|0x0000000742a00000, 0x0000000742c00000, 0x0000000742c00000|100%| O|  |TAMS 0x0000000742a00000, 0x0000000742a00000| Untracked 
|   8|0x0000000742c00000, 0x0000000742dfffe8, 0x0000000742e00000| 99%| O|  |TAMS 0x0000000742c00000, 0x0000000742c00000| Untracked 
|   9|0x0000000742e00000, 0x0000000742ffffc0, 0x0000000743000000| 99%| O|  |TAMS 0x0000000742e00000, 0x0000000742e00000| Untracked 
|  10|0x0000000743000000, 0x00000007431ffff0, 0x0000000743200000| 99%| O|  |TAMS 0x0000000743000000, 0x0000000743000000| Untracked 
|  11|0x0000000743200000, 0x00000007433ffff0, 0x0000000743400000| 99%| O|  |TAMS 0x0000000743200000, 0x0000000743200000| Untracked 
|  12|0x0000000743400000, 0x00000007435ffff0, 0x0000000743600000| 99%| O|  |TAMS 0x0000000743400000, 0x0000000743400000| Untracked 
|  13|0x0000000743600000, 0x0000000743800000, 0x0000000743800000|100%| O|  |TAMS 0x0000000743600000, 0x0000000743600000| Untracked 
|  14|0x0000000743800000, 0x0000000743924c98, 0x0000000743a00000| 57%| O|  |TAMS 0x0000000743800000, 0x0000000743800000| Untracked 
|  15|0x0000000743a00000, 0x0000000743bf4f68, 0x0000000743c00000| 97%| O|  |TAMS 0x0000000743a00000, 0x0000000743a00000| Untracked 
|  16|0x0000000743c00000, 0x0000000743c00000, 0x0000000743e00000|  0%| F|  |TAMS 0x0000000743c00000, 0x0000000743c00000| Untracked 
|  17|0x0000000743e00000, 0x0000000743e00000, 0x0000000744000000|  0%| F|  |TAMS 0x0000000743e00000, 0x0000000743e00000| Untracked 
|  18|0x0000000744000000, 0x0000000744000000, 0x0000000744200000|  0%| F|  |TAMS 0x0000000744000000, 0x0000000744000000| Untracked 
|  19|0x0000000744200000, 0x0000000744200000, 0x0000000744400000|  0%| F|  |TAMS 0x0000000744200000, 0x0000000744200000| Untracked 
|  20|0x0000000744400000, 0x0000000744400000, 0x0000000744600000|  0%| F|  |TAMS 0x0000000744400000, 0x0000000744400000| Untracked 
|  21|0x0000000744600000, 0x0000000744600000, 0x0000000744800000|  0%| F|  |TAMS 0x0000000744600000, 0x0000000744600000| Untracked 
|  22|0x0000000744800000, 0x0000000744800000, 0x0000000744a00000|  0%| F|  |TAMS 0x0000000744800000, 0x0000000744800000| Untracked 
|  23|0x0000000744a00000, 0x0000000744a00000, 0x0000000744c00000|  0%| F|  |TAMS 0x0000000744a00000, 0x0000000744a00000| Untracked 
|  24|0x0000000744c00000, 0x0000000744c00000, 0x0000000744e00000|  0%| F|  |TAMS 0x0000000744c00000, 0x0000000744c00000| Untracked 
|  25|0x0000000744e00000, 0x0000000744e00000, 0x0000000745000000|  0%| F|  |TAMS 0x0000000744e00000, 0x0000000744e00000| Untracked 
|  26|0x0000000745000000, 0x0000000745000000, 0x0000000745200000|  0%| F|  |TAMS 0x0000000745000000, 0x0000000745000000| Untracked 
|  27|0x0000000745200000, 0x0000000745200000, 0x0000000745400000|  0%| F|  |TAMS 0x0000000745200000, 0x0000000745200000| Untracked 
|  28|0x0000000745400000, 0x0000000745400000, 0x0000000745600000|  0%| F|  |TAMS 0x0000000745400000, 0x0000000745400000| Untracked 
|  29|0x0000000745600000, 0x0000000745600000, 0x0000000745800000|  0%| F|  |TAMS 0x0000000745600000, 0x0000000745600000| Untracked 
|  30|0x0000000745800000, 0x0000000745816d40, 0x0000000745a00000|  4%| E|  |TAMS 0x0000000745800000, 0x0000000745800000| Complete 
|  52|0x0000000748400000, 0x0000000748600000, 0x0000000748600000|100%| E|CS|TAMS 0x0000000748400000, 0x0000000748400000| Complete 
|  53|0x0000000748600000, 0x0000000748800000, 0x0000000748800000|100%| E|CS|TAMS 0x0000000748600000, 0x0000000748600000| Complete 
|  54|0x0000000748800000, 0x0000000748a00000, 0x0000000748a00000|100%| E|CS|TAMS 0x0000000748800000, 0x0000000748800000| Complete 
|  55|0x0000000748a00000, 0x0000000748c00000, 0x0000000748c00000|100%| E|CS|TAMS 0x0000000748a00000, 0x0000000748a00000| Complete 
|  95|0x000000074da00000, 0x000000074dc00000, 0x000000074dc00000|100%| E|CS|TAMS 0x000000074da00000, 0x000000074da00000| Complete 

Card table byte_map: [0x0000019bbb420000,0x0000019bbba20000] _byte_map_base: 0x0000019bb7a12000

Marking Bits (Prev, Next): (CMBitMap*) 0x0000019ba4612b30, (CMBitMap*) 0x0000019ba4612af0
 Prev Bits: [0x0000019bbefb0000, 0x0000019bc1f40000)
 Next Bits: [0x0000019bbc020000, 0x0000019bbefb0000)

Polling page: 0x0000019ba3da0000

Metaspace:

Usage:
  Non-class:     56.78 MB used.
      Class:      8.70 MB used.
       Both:     65.48 MB used.

Virtual space:
  Non-class space:       64.00 MB reserved,      57.00 MB ( 89%) committed,  8 nodes.
      Class space:        1.00 GB reserved,       8.94 MB ( <1%) committed,  1 nodes.
             Both:        1.06 GB reserved,      65.94 MB (  6%) committed. 

Chunk freelists:
   Non-Class:  2.76 MB
       Class:  3.12 MB
        Both:  5.88 MB

MaxMetaspaceSize: unlimited
CompressedClassSpaceSize: 1.00 GB
Initial GC threshold: 21.00 MB
Current GC threshold: 109.62 MB
CDS: on
MetaspaceReclaimPolicy: balanced
 - commit_granule_bytes: 65536.
 - commit_granule_words: 8192.
 - virtual_space_node_default_size: 1048576.
 - enlarge_chunks_in_place: 1.
 - new_chunks_are_fully_committed: 0.
 - uncommit_free_chunks: 1.
 - use_allocation_guard: 0.
 - handle_deallocations: 1.


Internal statistics:

num_allocs_failed_limit: 11.
num_arena_births: 502.
num_arena_deaths: 0.
num_vsnodes_births: 9.
num_vsnodes_deaths: 0.
num_space_committed: 1055.
num_space_uncommitted: 0.
num_chunks_returned_to_freelist: 11.
num_chunks_taken_from_freelist: 2776.
num_chunk_merges: 6.
num_chunk_splits: 1984.
num_chunks_enlarged: 1580.
num_purges: 2.
num_inconsistent_stats: 0.

CodeHeap 'non-profiled nmethods': size=120000Kb used=4370Kb max_used=4370Kb free=115629Kb
 bounds [0x0000019bb38f0000, 0x0000019bb3d40000, 0x0000019bbae20000]
CodeHeap 'profiled nmethods': size=120000Kb used=13034Kb max_used=13034Kb free=106965Kb
 bounds [0x0000019bac3c0000, 0x0000019bad080000, 0x0000019bb38f0000]
CodeHeap 'non-nmethods': size=5760Kb used=1353Kb max_used=1387Kb free=4406Kb
 bounds [0x0000019babe20000, 0x0000019bac090000, 0x0000019bac3c0000]
 total_blobs=7219 nmethods=6531 adapters=600
 compilation: enabled
              stopped_count=0, restarted_count=0
 full_count=0

Compilation events (20 events):
Event: 455.531 Thread 0x0000019bc4403590 7335       1       com.fasterxml.jackson.databind.type.MapLikeType::isContainerType (2 bytes)
Event: 455.531 Thread 0x0000019bc4403590 nmethod 7335 0x0000019bb3d27d10 code [0x0000019bb3d27ea0, 0x0000019bb3d27f78]
Event: 455.531 Thread 0x0000019bc4403590 7329       2       com.fasterxml.jackson.databind.introspect.AnnotatedClass::<init> (62 bytes)
Event: 455.532 Thread 0x0000019bc4403590 nmethod 7329 0x0000019bad079710 code [0x0000019bad0798c0, 0x0000019bad079d78]
Event: 455.532 Thread 0x0000019bc4403590 7338       2       com.fasterxml.jackson.databind.introspect.AnnotatedClassResolver::_addSuperInterfaces (85 bytes)
Event: 455.532 Thread 0x0000019bc4403590 nmethod 7338 0x0000019bad079e10 code [0x0000019bad07a020, 0x0000019bad07a368]
Event: 455.532 Thread 0x0000019bc4403590 7337       2       com.fasterxml.jackson.databind.deser.DeserializerCache::_findCachedDeserializer (36 bytes)
Event: 455.533 Thread 0x0000019bc4403590 nmethod 7337 0x0000019bad07a590 code [0x0000019bad07a760, 0x0000019bad07aa08]
Event: 455.533 Thread 0x0000019bc4403590 7336       1       java.util.Collections$EmptyMap::isEmpty (2 bytes)
Event: 455.533 Thread 0x0000019bc4403590 nmethod 7336 0x0000019bb3d28010 code [0x0000019bb3d281a0, 0x0000019bb3d28278]
Event: 455.740 Thread 0x0000019bc43f9bc0 nmethod 7284 0x0000019bb3d28310 code [0x0000019bb3d288e0, 0x0000019bb3d2d3a0]
Event: 455.741 Thread 0x0000019bc43f9bc0 7320       4       java.util.HashMap::keysToArray (81 bytes)
Event: 455.747 Thread 0x0000019bc43f9bc0 nmethod 7320 0x0000019bb3d2f190 code [0x0000019bb3d2f320, 0x0000019bb3d2f5d8]
Event: 455.747 Thread 0x0000019bc43f9bc0 7324 %     4       java.util.concurrent.ConcurrentHashMap$CollectionView::toArray @ 72 (204 bytes)
Event: 455.770 Thread 0x0000019bc43f9bc0 nmethod 7324% 0x0000019bb3d2f790 code [0x0000019bb3d2f940, 0x0000019bb3d30438]
Event: 455.771 Thread 0x0000019bc43f9bc0 7331       4       java.util.LinkedHashMap::<init> (11 bytes)
Event: 455.772 Thread 0x0000019bc43f9bc0 nmethod 7331 0x0000019bb3d30910 code [0x0000019bb3d30a80, 0x0000019bb3d30b58]
Event: 455.772 Thread 0x0000019bc43f9bc0 7278       4       java.lang.invoke.DirectMethodHandle::allocateInstance (16 bytes)
Event: 455.775 Thread 0x0000019bc43f9bc0 nmethod 7278 0x0000019bb3d30c90 code [0x0000019bb3d30e20, 0x0000019bb3d30fb8]
Event: 455.775 Thread 0x0000019bc43f9bc0 7321       4       org.springframework.boot.context.properties.source.PropertyMapper$$Lambda$98/0x0000000800cb2398::test (12 bytes)

GC Heap History (20 events):
Event: 14.348 GC heap before
{Heap before GC invocations=13 (full 0):
 garbage-first heap   total 73728K, used 51735K [0x0000000741c00000, 0x0000000800000000)
  region size 2048K, 14 young (28672K), 1 survivors (2048K)
 Metaspace       used 44128K, committed 44480K, reserved 1089536K
  class space    used 5589K, committed 5760K, reserved 1048576K
}
Event: 14.356 GC heap after
{Heap after GC invocations=14 (full 0):
 garbage-first heap   total 73728K, used 29509K [0x0000000741c00000, 0x0000000800000000)
  region size 2048K, 2 young (4096K), 2 survivors (4096K)
 Metaspace       used 44128K, committed 44480K, reserved 1089536K
  class space    used 5589K, committed 5760K, reserved 1048576K
}
Event: 15.755 GC heap before
{Heap before GC invocations=14 (full 0):
 garbage-first heap   total 73728K, used 52037K [0x0000000741c00000, 0x0000000800000000)
  region size 2048K, 14 young (28672K), 2 survivors (4096K)
 Metaspace       used 50542K, committed 50944K, reserved 1097728K
  class space    used 6596K, committed 6784K, reserved 1048576K
}
Event: 15.765 GC heap after
{Heap after GC invocations=15 (full 0):
 garbage-first heap   total 73728K, used 31117K [0x0000000741c00000, 0x0000000800000000)
  region size 2048K, 1 young (2048K), 1 survivors (2048K)
 Metaspace       used 50542K, committed 50944K, reserved 1097728K
  class space    used 6596K, committed 6784K, reserved 1048576K
}
Event: 16.801 GC heap before
{Heap before GC invocations=15 (full 0):
 garbage-first heap   total 73728K, used 55693K [0x0000000741c00000, 0x0000000800000000)
  region size 2048K, 13 young (26624K), 1 survivors (2048K)
 Metaspace       used 55106K, committed 55552K, reserved 1097728K
  class space    used 7312K, committed 7488K, reserved 1048576K
}
Event: 16.807 GC heap after
{Heap after GC invocations=16 (full 0):
 garbage-first heap   total 73728K, used 32360K [0x0000000741c00000, 0x0000000800000000)
  region size 2048K, 2 young (4096K), 2 survivors (4096K)
 Metaspace       used 55106K, committed 55552K, reserved 1097728K
  class space    used 7312K, committed 7488K, reserved 1048576K
}
Event: 17.640 GC heap before
{Heap before GC invocations=16 (full 0):
 garbage-first heap   total 73728K, used 54888K [0x0000000741c00000, 0x0000000800000000)
  region size 2048K, 13 young (26624K), 2 survivors (4096K)
 Metaspace       used 57373K, committed 57728K, reserved 1105920K
  class space    used 7661K, committed 7808K, reserved 1048576K
}
Event: 17.651 GC heap after
{Heap after GC invocations=17 (full 0):
 garbage-first heap   total 73728K, used 34451K [0x0000000741c00000, 0x0000000800000000)
  region size 2048K, 2 young (4096K), 2 survivors (4096K)
 Metaspace       used 57373K, committed 57728K, reserved 1105920K
  class space    used 7661K, committed 7808K, reserved 1048576K
}
Event: 18.683 GC heap before
{Heap before GC invocations=17 (full 0):
 garbage-first heap   total 73728K, used 56979K [0x0000000741c00000, 0x0000000800000000)
  region size 2048K, 13 young (26624K), 2 survivors (4096K)
 Metaspace       used 59438K, committed 59840K, reserved 1105920K
  class space    used 7933K, committed 8128K, reserved 1048576K
}
Event: 18.693 GC heap after
{Heap after GC invocations=18 (full 0):
 garbage-first heap   total 73728K, used 36493K [0x0000000741c00000, 0x0000000800000000)
  region size 2048K, 2 young (4096K), 2 survivors (4096K)
 Metaspace       used 59438K, committed 59840K, reserved 1105920K
  class space    used 7933K, committed 8128K, reserved 1048576K
}
Event: 19.047 GC heap before
{Heap before GC invocations=18 (full 0):
 garbage-first heap   total 73728K, used 40589K [0x0000000741c00000, 0x0000000800000000)
  region size 2048K, 5 young (10240K), 2 survivors (4096K)
 Metaspace       used 59763K, committed 60160K, reserved 1105920K
  class space    used 7985K, committed 8192K, reserved 1048576K
}
Event: 19.055 GC heap after
{Heap after GC invocations=19 (full 0):
 garbage-first heap   total 73728K, used 37061K [0x0000000741c00000, 0x0000000800000000)
  region size 2048K, 2 young (4096K), 2 survivors (4096K)
 Metaspace       used 59763K, committed 60160K, reserved 1105920K
  class space    used 7985K, committed 8192K, reserved 1048576K
}
Event: 20.153 GC heap before
{Heap before GC invocations=20 (full 0):
 garbage-first heap   total 73728K, used 57541K [0x0000000741c00000, 0x0000000800000000)
  region size 2048K, 12 young (24576K), 2 survivors (4096K)
 Metaspace       used 63845K, committed 64256K, reserved 1105920K
  class space    used 8575K, committed 8768K, reserved 1048576K
}
Event: 20.162 GC heap after
{Heap after GC invocations=21 (full 0):
 garbage-first heap   total 73728K, used 39665K [0x0000000741c00000, 0x0000000800000000)
  region size 2048K, 2 young (4096K), 2 survivors (4096K)
 Metaspace       used 63845K, committed 64256K, reserved 1105920K
  class space    used 8575K, committed 8768K, reserved 1048576K
}
Event: 50.031 GC heap before
{Heap before GC invocations=21 (full 0):
 garbage-first heap   total 73728K, used 41713K [0x0000000741c00000, 0x0000000800000000)
  region size 2048K, 3 young (6144K), 2 survivors (4096K)
 Metaspace       used 64153K, committed 64576K, reserved 1105920K
  class space    used 8606K, committed 8768K, reserved 1048576K
}
Event: 50.038 GC heap after
{Heap after GC invocations=22 (full 0):
 garbage-first heap   total 73728K, used 38217K [0x0000000741c00000, 0x0000000800000000)
  region size 2048K, 1 young (2048K), 1 survivors (2048K)
 Metaspace       used 64153K, committed 64576K, reserved 1105920K
  class space    used 8606K, committed 8768K, reserved 1048576K
}
Event: 451.341 GC heap before
{Heap before GC invocations=22 (full 0):
 garbage-first heap   total 73728K, used 54601K [0x0000000741c00000, 0x0000000800000000)
  region size 2048K, 10 young (20480K), 1 survivors (2048K)
 Metaspace       used 66850K, committed 67264K, reserved 1114112K
  class space    used 8890K, committed 9088K, reserved 1048576K
}
Event: 451.345 GC heap after
{Heap after GC invocations=23 (full 0):
 garbage-first heap   total 73728K, used 38858K [0x0000000741c00000, 0x0000000800000000)
  region size 2048K, 1 young (2048K), 1 survivors (2048K)
 Metaspace       used 66850K, committed 67264K, reserved 1114112K
  class space    used 8890K, committed 9088K, reserved 1048576K
}
Event: 454.539 GC heap before
{Heap before GC invocations=24 (full 0):
 garbage-first heap   total 73728K, used 40906K [0x0000000741c00000, 0x0000000800000000)
  region size 2048K, 3 young (6144K), 1 survivors (2048K)
 Metaspace       used 66955K, committed 67328K, reserved 1114112K
  class space    used 8907K, committed 9088K, reserved 1048576K
}
Event: 454.663 GC heap after
{Heap after GC invocations=25 (full 1):
 garbage-first heap   total 73728K, used 31846K [0x0000000741c00000, 0x0000000800000000)
  region size 2048K, 0 young (0K), 0 survivors (0K)
 Metaspace       used 66955K, committed 67328K, reserved 1114112K
  class space    used 8907K, committed 9088K, reserved 1048576K
}

Deoptimization events (20 events):
Event: 455.484 Thread 0x0000019bcaf03ef0 Uncommon trap: trap_request=0xffffffbe fr.pc=0x0000019bb3d1e294 relative=0x0000000000000274
Event: 455.484 Thread 0x0000019bcaf03ef0 Uncommon trap: reason=profile_predicate action=maybe_recompile pc=0x0000019bb3d1e294 method=java.util.HashMap.keysToArray([Ljava/lang/Object;)[Ljava/lang/Object; @ 36 c2
Event: 455.484 Thread 0x0000019bcaf03ef0 DEOPT PACKING pc=0x0000019bb3d1e294 sp=0x00000020fcefd760
Event: 455.484 Thread 0x0000019bcaf03ef0 DEOPT UNPACKING pc=0x0000019babe723a3 sp=0x00000020fcefd700 mode 2
Event: 455.485 Thread 0x0000019bcaf03ef0 Uncommon trap: trap_request=0xffffffbe fr.pc=0x0000019bb3d1e294 relative=0x0000000000000274
Event: 455.485 Thread 0x0000019bcaf03ef0 Uncommon trap: reason=profile_predicate action=maybe_recompile pc=0x0000019bb3d1e294 method=java.util.HashMap.keysToArray([Ljava/lang/Object;)[Ljava/lang/Object; @ 36 c2
Event: 455.485 Thread 0x0000019bcaf03ef0 DEOPT PACKING pc=0x0000019bb3d1e294 sp=0x00000020fcefd740
Event: 455.485 Thread 0x0000019bcaf03ef0 DEOPT UNPACKING pc=0x0000019babe723a3 sp=0x00000020fcefd6e0 mode 2
Event: 455.485 Thread 0x0000019bcaf03ef0 Uncommon trap: trap_request=0xffffffbe fr.pc=0x0000019bb3d1e294 relative=0x0000000000000274
Event: 455.485 Thread 0x0000019bcaf03ef0 Uncommon trap: reason=profile_predicate action=maybe_recompile pc=0x0000019bb3d1e294 method=java.util.HashMap.keysToArray([Ljava/lang/Object;)[Ljava/lang/Object; @ 36 c2
Event: 455.485 Thread 0x0000019bcaf03ef0 DEOPT PACKING pc=0x0000019bb3d1e294 sp=0x00000020fcefd680
Event: 455.485 Thread 0x0000019bcaf03ef0 DEOPT UNPACKING pc=0x0000019babe723a3 sp=0x00000020fcefd620 mode 2
Event: 455.516 Thread 0x0000019bcaf03ef0 Uncommon trap: trap_request=0xffffff45 fr.pc=0x0000019bb3cbdee4 relative=0x0000000000000144
Event: 455.516 Thread 0x0000019bcaf03ef0 Uncommon trap: reason=unstable_if action=reinterpret pc=0x0000019bb3cbdee4 method=java.util.regex.Pattern$Branch.match(Ljava/util/regex/Matcher;ILjava/lang/CharSequence;)Z @ 35 c2
Event: 455.516 Thread 0x0000019bcaf03ef0 DEOPT PACKING pc=0x0000019bb3cbdee4 sp=0x00000020fcefe110
Event: 455.516 Thread 0x0000019bcaf03ef0 DEOPT UNPACKING pc=0x0000019babe723a3 sp=0x00000020fcefe0a8 mode 2
Event: 455.525 Thread 0x0000019bcaf03ef0 Uncommon trap: trap_request=0xffffff45 fr.pc=0x0000019bb3d01bfc relative=0x000000000000023c
Event: 455.525 Thread 0x0000019bcaf03ef0 Uncommon trap: reason=unstable_if action=reinterpret pc=0x0000019bb3d01bfc method=java.util.regex.Pattern$CharProperty.match(Ljava/util/regex/Matcher;ILjava/lang/CharSequence;)Z @ 42 c2
Event: 455.525 Thread 0x0000019bcaf03ef0 DEOPT PACKING pc=0x0000019bb3d01bfc sp=0x00000020fcefd930
Event: 455.525 Thread 0x0000019bcaf03ef0 DEOPT UNPACKING pc=0x0000019babe723a3 sp=0x00000020fcefd8f8 mode 2

Classes unloaded (0 events):
No events

Classes redefined (0 events):
No events

Internal exceptions (20 events):
Event: 18.212 Thread 0x0000019bc5e3bd30 Exception <a 'java/lang/ClassNotFoundException'{0x00000007454080c8}: java/util/EventListenerCustomizer> (0x00000007454080c8) 
thrown [t:\workspace\open\src\hotspot\share\classfile\systemDictionary.cpp, line 256]
Event: 18.463 Thread 0x0000019bc5e3bd30 Exception <a 'java/lang/ClassNotFoundException'{0x00000007454ca8b8}: java/lang/ObjectCustomizer> (0x00000007454ca8b8) 
thrown [t:\workspace\open\src\hotspot\share\classfile\systemDictionary.cpp, line 256]
Event: 18.464 Thread 0x0000019bc5e3bd30 Exception <a 'java/lang/ClassNotFoundException'{0x00000007454fb268}: org/springframework/aop/framework/ProxyConfigCustomizer> (0x00000007454fb268) 
thrown [t:\workspace\open\src\hotspot\share\classfile\systemDictionary.cpp, line 256]
Event: 18.466 Thread 0x0000019bc5e3bd30 Exception <a 'java/lang/ClassNotFoundException'{0x00000007455077a0}: org/springframework/aop/scope/ScopedProxyFactoryBeanCustomizer> (0x00000007455077a0) 
thrown [t:\workspace\open\src\hotspot\share\classfile\systemDictionary.cpp, line 256]
Event: 18.467 Thread 0x0000019bc5e3bd30 Exception <a 'java/lang/ClassNotFoundException'{0x0000000745513e90}: org/springframework/cloud/context/scope/GenericScope$LockedScopedProxyFactoryBeanCustomizer> (0x0000000745513e90) 
thrown [t:\workspace\open\src\hotspot\share\classfile\systemDictionary.cpp, line 256]
Event: 18.470 Thread 0x0000019bc5e3bd30 Exception <a 'java/lang/ClassNotFoundException'{0x00000007455273d8}: org/aopalliance/intercept/MethodInterceptorCustomizer> (0x00000007455273d8) 
thrown [t:\workspace\open\src\hotspot\share\classfile\systemDictionary.cpp, line 256]
Event: 18.471 Thread 0x0000019bc5e3bd30 Exception <a 'java/lang/ClassNotFoundException'{0x000000074552d328}: org/aopalliance/intercept/InterceptorCustomizer> (0x000000074552d328) 
thrown [t:\workspace\open\src\hotspot\share\classfile\systemDictionary.cpp, line 256]
Event: 18.472 Thread 0x0000019bc5e3bd30 Exception <a 'java/lang/ClassNotFoundException'{0x0000000745532568}: org/aopalliance/aop/AdviceCustomizer> (0x0000000745532568) 
thrown [t:\workspace\open\src\hotspot\share\classfile\systemDictionary.cpp, line 256]
Event: 18.473 Thread 0x0000019bc5e3bd30 Exception <a 'java/lang/ClassNotFoundException'{0x0000000745537c38}: org/springframework/beans/factory/FactoryBeanCustomizer> (0x0000000745537c38) 
thrown [t:\workspace\open\src\hotspot\share\classfile\systemDictionary.cpp, line 256]
Event: 18.474 Thread 0x0000019bc5e3bd30 Exception <a 'java/lang/ClassNotFoundException'{0x000000074553fc88}: org/springframework/beans/factory/BeanFactoryAwareCustomizer> (0x000000074553fc88) 
thrown [t:\workspace\open\src\hotspot\share\classfile\systemDictionary.cpp, line 256]
Event: 18.475 Thread 0x0000019bc5e3bd30 Exception <a 'java/lang/ClassNotFoundException'{0x00000007455465b8}: org/springframework/beans/factory/AwareCustomizer> (0x00000007455465b8) 
thrown [t:\workspace\open\src\hotspot\share\classfile\systemDictionary.cpp, line 256]
Event: 18.476 Thread 0x0000019bc5e3bd30 Exception <a 'java/lang/ClassNotFoundException'{0x000000074554bd88}: org/springframework/aop/framework/AopInfrastructureBeanCustomizer> (0x000000074554bd88) 
thrown [t:\workspace\open\src\hotspot\share\classfile\systemDictionary.cpp, line 256]
Event: 18.536 Thread 0x0000019bc5e3bd30 Implicit null exception at 0x0000019bb3aedbec to 0x0000019bb3aedc9c
Event: 18.536 Thread 0x0000019bc5e3bd30 Implicit null exception at 0x0000019bb3aedbec to 0x0000019bb3aedc9c
Event: 19.311 Thread 0x0000019bc5e3bd30 Exception <a 'java/lang/IncompatibleClassChangeError'{0x00000007488caca0}: Found class java.lang.Object, but interface was expected> (0x00000007488caca0) 
thrown [t:\workspace\open\src\hotspot\share\interpreter\linkResolver.cpp, line 833]
Event: 19.372 Thread 0x0000019bc5e3bd30 Implicit null exception at 0x0000019bb3a4b203 to 0x0000019bb3a4b9ec
Event: 142.492 Thread 0x0000019bc9149750 Exception <a 'java/lang/NoSuchMethodError'{0x00000007485afc00}: 'java.lang.Object java.lang.invoke.DirectMethodHandle$Holder.invokeInterface(java.lang.Object, java.lang.Object, java.lang.Object, java.lang.Object)'> (0x00000007485afc00) 
thrown [t:\workspace\open\src\hotspot\share\interpreter\linkResolver.cpp, line 766]
Event: 142.696 Thread 0x0000019bc9149750 Exception <a 'java/lang/NoSuchMethodError'{0x00000007459c6558}: 'java.lang.Object java.lang.invoke.DirectMethodHandle$Holder.invokeStaticInit(java.lang.Object, java.lang.Object, java.lang.Object, java.lang.Object, java.lang.Object, java.lang.Object)'> (0x00000007459c6558) 
thrown [t:\workspace\open\src\hotspot\share\interpreter\linkResolver.cpp, line 766]
Event: 451.355 Thread 0x0000019bc961bd60 Exception <a 'java/lang/InterruptedException'{0x000000074dae1e70}: sleep interrupted> (0x000000074dae1e70) 
thrown [t:\workspace\open\src\hotspot\share\prims\jvm.cpp, line 3067]
Event: 454.709 Thread 0x0000019bcaf03ef0 Exception <a 'sun/nio/fs/WindowsException'{0x000000074dac7ea8}> (0x000000074dac7ea8) 
thrown [t:\workspace\open\src\hotspot\share\prims\jni.cpp, line 516]

VM Operations (20 events):
Event: 454.438 Executing VM operation: ICBufferFull
Event: 454.438 Executing VM operation: ICBufferFull done
Event: 454.440 Executing VM operation: ICBufferFull
Event: 454.440 Executing VM operation: ICBufferFull done
Event: 454.442 Executing VM operation: ICBufferFull
Event: 454.442 Executing VM operation: ICBufferFull done
Event: 454.444 Executing VM operation: ICBufferFull
Event: 454.444 Executing VM operation: ICBufferFull done
Event: 454.448 Executing VM operation: ICBufferFull
Event: 454.448 Executing VM operation: ICBufferFull done
Event: 454.450 Executing VM operation: ICBufferFull
Event: 454.450 Executing VM operation: ICBufferFull done
Event: 454.452 Executing VM operation: ICBufferFull
Event: 454.452 Executing VM operation: ICBufferFull done
Event: 454.474 Executing VM operation: ICBufferFull
Event: 454.484 Executing VM operation: ICBufferFull done
Event: 454.538 Executing VM operation: G1CollectFull
Event: 454.663 Executing VM operation: G1CollectFull done
Event: 455.669 Executing VM operation: Cleanup
Event: 455.669 Executing VM operation: Cleanup done

Events (20 events):
Event: 454.433 Thread 0x0000019bcaf090c0 Thread exited: 0x0000019bcaf090c0
Event: 454.433 Thread 0x0000019bc85fa260 Thread exited: 0x0000019bc85fa260
Event: 454.433 Thread 0x0000019bc91488e0 Thread exited: 0x0000019bc91488e0
Event: 454.434 Thread 0x0000019bc9148db0 Thread exited: 0x0000019bc9148db0
Event: 454.473 Thread 0x0000019bc6490240 Thread added: 0x0000019bc6490240
Event: 454.510 Thread 0x0000019bc91475a0 Thread exited: 0x0000019bc91475a0
Event: 454.510 Thread 0x0000019bcaf07d80 Thread exited: 0x0000019bcaf07d80
Event: 454.664 Thread 0x0000019bc6490240 Thread exited: 0x0000019bc6490240
Event: 454.665 loading class java/lang/ref/Finalizer$2
Event: 454.666 loading class java/lang/ref/Finalizer$2 done
Event: 454.666 loading class java/lang/ref/Finalizer$1
Event: 454.666 loading class java/lang/ref/Finalizer$1 done
Event: 454.667 Thread 0x0000019bcaf043c0 Thread added: 0x0000019bcaf043c0
Event: 454.668 Thread 0x0000019bcaf03ef0 Thread added: 0x0000019bcaf03ef0
Event: 454.668 Thread 0x0000019bcaf043c0 Thread exited: 0x0000019bcaf043c0
Event: 454.718 Thread 0x0000019bc6490240 Thread added: 0x0000019bc6490240
Event: 454.952 Thread 0x0000019bcaf08720 Thread added: 0x0000019bcaf08720
Event: 454.954 Thread 0x0000019bcaf08720 Thread exited: 0x0000019bcaf08720
Event: 455.445 Thread 0x0000019bcaf04890 Thread added: 0x0000019bcaf04890
Event: 455.446 Thread 0x0000019bcaf04890 Thread exited: 0x0000019bcaf04890


Dynamic libraries:
0x00007ff6fda70000 - 0x00007ff6fda80000 	C:\Program Files\Java\jdk-17.0.2\bin\javaw.exe
0x00007ffb38490000 - 0x00007ffb38688000 	C:\Windows\SYSTEM32\ntdll.dll
0x00007ffb375b0000 - 0x00007ffb3766f000 	C:\Windows\System32\KERNEL32.DLL
0x00007ffb35ec0000 - 0x00007ffb36192000 	C:\Windows\System32\KERNELBASE.dll
0x00007ffb36330000 - 0x00007ffb36430000 	C:\Windows\System32\ucrtbase.dll
0x00007ffb2f290000 - 0x00007ffb2f2a8000 	C:\Program Files\Java\jdk-17.0.2\bin\jli.dll
0x00007ffb381b0000 - 0x00007ffb3825e000 	C:\Windows\System32\ADVAPI32.dll
0x00007ffb383b0000 - 0x00007ffb3844e000 	C:\Windows\System32\msvcrt.dll
0x00007ffb38310000 - 0x00007ffb383ac000 	C:\Windows\System32\sechost.dll
0x00007ffb37890000 - 0x00007ffb379b5000 	C:\Windows\System32\RPCRT4.dll
0x00007ffb36560000 - 0x00007ffb36701000 	C:\Windows\System32\USER32.dll
0x00007ffb35b80000 - 0x00007ffb35ba2000 	C:\Windows\System32\win32u.dll
0x00007ffb364d0000 - 0x00007ffb364fb000 	C:\Windows\System32\GDI32.dll
0x00007ffb35d10000 - 0x00007ffb35e1f000 	C:\Windows\System32\gdi32full.dll
0x00007ffb35e20000 - 0x00007ffb35ebd000 	C:\Windows\System32\msvcp_win.dll
0x00007ffb2eec0000 - 0x00007ffb2eeda000 	C:\Program Files\Java\jdk-17.0.2\bin\VCRUNTIME140.dll
0x00007ffb23210000 - 0x00007ffb234aa000 	C:\Windows\WinSxS\amd64_microsoft.windows.common-controls_6595b64144ccf1df_6.0.19041.1110_none_60b5254171f9507e\COMCTL32.dll
0x00007ffb265d0000 - 0x00007ffb265da000 	C:\Windows\SYSTEM32\VERSION.dll
0x00007ffb37490000 - 0x00007ffb374c2000 	C:\Windows\System32\IMM32.DLL
0x00007ffb31810000 - 0x00007ffb3181c000 	C:\Program Files\Java\jdk-17.0.2\bin\vcruntime140_1.dll
0x00007ffb0e250000 - 0x00007ffb0e2dd000 	C:\Program Files\Java\jdk-17.0.2\bin\msvcp140.dll
0x00007ffadbdd0000 - 0x00007ffadc991000 	C:\Program Files\Java\jdk-17.0.2\bin\server\jvm.dll
0x00007ffb368c0000 - 0x00007ffb368c8000 	C:\Windows\System32\PSAPI.DLL
0x00007ffb142f0000 - 0x00007ffb142f9000 	C:\Windows\SYSTEM32\WSOCK32.dll
0x00007ffb271e0000 - 0x00007ffb27207000 	C:\Windows\SYSTEM32\WINMM.dll
0x00007ffb37ae0000 - 0x00007ffb37b4b000 	C:\Windows\System32\WS2_32.dll
0x00007ffb33960000 - 0x00007ffb33972000 	C:\Windows\SYSTEM32\kernel.appcore.dll
0x00007ffb143b0000 - 0x00007ffb143ba000 	C:\Program Files\Java\jdk-17.0.2\bin\jimage.dll
0x00007ffb26220000 - 0x00007ffb26404000 	C:\Windows\SYSTEM32\DBGHELP.DLL
0x00007ffb260e0000 - 0x00007ffb26115000 	C:\Windows\SYSTEM32\dbgcore.DLL
0x00007ffb361a0000 - 0x00007ffb36222000 	C:\Windows\System32\bcryptPrimitives.dll
0x00007ffb12a50000 - 0x00007ffb12a75000 	C:\Program Files\Java\jdk-17.0.2\bin\java.dll
0x00007ffadcb70000 - 0x00007ffadcc46000 	C:\Program Files\Java\jdk-17.0.2\bin\jsvml.dll
0x00007ffb368d0000 - 0x00007ffb37014000 	C:\Windows\System32\SHELL32.dll
0x00007ffb33c40000 - 0x00007ffb343d2000 	C:\Windows\SYSTEM32\windows.storage.dll
0x00007ffb37b50000 - 0x00007ffb37ea5000 	C:\Windows\System32\combase.dll
0x00007ffb35570000 - 0x00007ffb355a0000 	C:\Windows\SYSTEM32\Wldp.dll
0x00007ffb38260000 - 0x00007ffb3830d000 	C:\Windows\System32\SHCORE.dll
0x00007ffb380c0000 - 0x00007ffb38115000 	C:\Windows\System32\shlwapi.dll
0x00007ffb35ac0000 - 0x00007ffb35adf000 	C:\Windows\SYSTEM32\profapi.dll
0x00007ffb148c0000 - 0x00007ffb148d9000 	C:\Program Files\Java\jdk-17.0.2\bin\net.dll
0x00007ffb2c520000 - 0x00007ffb2c62c000 	C:\Windows\SYSTEM32\WINHTTP.dll
0x00007ffb352d0000 - 0x00007ffb3533a000 	C:\Windows\system32\mswsock.dll
0x00007ffb14500000 - 0x00007ffb14516000 	C:\Program Files\Java\jdk-17.0.2\bin\nio.dll
0x00007ffb14300000 - 0x00007ffb14318000 	C:\Program Files\Java\jdk-17.0.2\bin\zip.dll
0x00007ffb2f110000 - 0x00007ffb2f120000 	C:\Program Files\Java\jdk-17.0.2\bin\verify.dll
0x00007ffb316f0000 - 0x00007ffb316f9000 	C:\Program Files\Java\jdk-17.0.2\bin\management.dll
0x00007ffb2eeb0000 - 0x00007ffb2eebb000 	C:\Program Files\Java\jdk-17.0.2\bin\management_ext.dll
0x00007ffb34fc0000 - 0x00007ffb34ffb000 	C:\Windows\SYSTEM32\IPHLPAPI.DLL
0x00007ffb37eb0000 - 0x00007ffb37eb8000 	C:\Windows\System32\NSI.dll
0x00007ffb2dfb0000 - 0x00007ffb2dfc7000 	C:\Windows\SYSTEM32\dhcpcsvc6.DLL
0x00007ffb2df90000 - 0x00007ffb2dfad000 	C:\Windows\SYSTEM32\dhcpcsvc.DLL
0x00007ffb35000000 - 0x00007ffb350ca000 	C:\Windows\SYSTEM32\DNSAPI.dll
0x00007ffb29490000 - 0x00007ffb2949a000 	C:\Windows\System32\rasadhlp.dll
0x00007ffb28b90000 - 0x00007ffb28c10000 	C:\Windows\System32\fwpuclnt.dll
0x00007ffb36430000 - 0x00007ffb36457000 	C:\Windows\System32\bcrypt.dll
0x00007ffb156c0000 - 0x00007ffb156d7000 	C:\Windows\system32\napinsp.dll
0x00007ffb156a0000 - 0x00007ffb156bb000 	C:\Windows\system32\pnrpnsp.dll
0x00007ffb15680000 - 0x00007ffb15695000 	C:\Windows\system32\wshbth.dll
0x00007ffb31670000 - 0x00007ffb3168d000 	C:\Windows\system32\NLAapi.dll
0x00007ffb15360000 - 0x00007ffb15372000 	C:\Windows\System32\winrnr.dll
0x00007ffb354d0000 - 0x00007ffb354e8000 	C:\Windows\SYSTEM32\CRYPTSP.dll
0x00007ffb34b80000 - 0x00007ffb34bb4000 	C:\Windows\system32\rsaenh.dll
0x00007ffb35a80000 - 0x00007ffb35aae000 	C:\Windows\SYSTEM32\USERENV.dll
0x00007ffb354c0000 - 0x00007ffb354cc000 	C:\Windows\SYSTEM32\CRYPTBASE.dll
0x00007ffb2f0d0000 - 0x00007ffb2f0de000 	C:\Program Files\Java\jdk-17.0.2\bin\sunmscapi.dll
0x00007ffb35bb0000 - 0x00007ffb35d06000 	C:\Windows\System32\CRYPT32.dll
0x00007ffb355e0000 - 0x00007ffb35607000 	C:\Windows\SYSTEM32\ncrypt.dll
0x00007ffb355a0000 - 0x00007ffb355db000 	C:\Windows\SYSTEM32\NTASN1.dll
0x00007ffb2eea0000 - 0x00007ffb2eea7000 	C:\Windows\system32\wshunix.dll

dbghelp: loaded successfully - version: 4.0.5 - missing functions: none
symbol engine: initialized successfully - sym options: 0x614 - pdb path: .;C:\Program Files\Java\jdk-17.0.2\bin;C:\Windows\SYSTEM32;C:\Windows\WinSxS\amd64_microsoft.windows.common-controls_6595b64144ccf1df_6.0.19041.1110_none_60b5254171f9507e;C:\Program Files\Java\jdk-17.0.2\bin\server

VM Arguments:
jvm_args: -Dfile.encoding=UTF-8 -XX:+ShowCodeDetailsInExceptionMessages 
java_command: com.spaceData.spacemicroservice.SpaceMicroserviceApplication
java_class_path (initial): C:\Users\fangu\OneDrive\Documentos\SpringCloudSpace\space-microservice\target\classes;C:\Users\fangu\.m2\repository\org\springframework\boot\spring-boot-starter-data-jpa\2.7.7\spring-boot-starter-data-jpa-2.7.7.jar;C:\Users\fangu\.m2\repository\org\springframework\boot\spring-boot-starter-aop\2.7.7\spring-boot-starter-aop-2.7.7.jar;C:\Users\fangu\.m2\repository\org\springframework\spring-aop\5.3.24\spring-aop-5.3.24.jar;C:\Users\fangu\.m2\repository\org\aspectj\aspectjweaver\1.9.7\aspectjweaver-1.9.7.jar;C:\Users\fangu\.m2\repository\org\springframework\boot\spring-boot-starter-jdbc\2.7.7\spring-boot-starter-jdbc-2.7.7.jar;C:\Users\fangu\.m2\repository\com\zaxxer\HikariCP\4.0.3\HikariCP-4.0.3.jar;C:\Users\fangu\.m2\repository\org\springframework\spring-jdbc\5.3.24\spring-jdbc-5.3.24.jar;C:\Users\fangu\.m2\repository\jakarta\transaction\jakarta.transaction-api\1.3.3\jakarta.transaction-api-1.3.3.jar;C:\Users\fangu\.m2\repository\jakarta\persistence\jakarta.persistence-api\2.2.3\jakarta.persistence-api-2.2.3.jar;C:\Users\fangu\.m2\repository\org\hibernate\hibernate-core\5.6.14.Final\hibernate-core-5.6.14.Final.jar;C:\Users\fangu\.m2\repository\org\jboss\logging\jboss-logging\3.4.3.Final\jboss-logging-3.4.3.Final.jar;C:\Users\fangu\.m2\repository\net\bytebuddy\byte-buddy\1.12.20\byte-buddy-1.12.20.jar;C:\Users\fangu\.m2\repository\antlr\antlr\2.7.7\antlr-2.7.7.jar;C:\Users\fangu\.m2\repository\org\jboss\jandex\2.4.2.Final\jandex-2.4.2.Final.jar;C:\Users\fangu\.m2\repository\com\fasterxml\classmate\1.5.1\classmate-1.5.1.jar;C:\Users\fangu\.m2\repository\org\hibernate\common\hibernate-commons-annotations\5.1.2.Final\hibernate-commons-annotations-5.1.2.Final.jar;C:\Users\fangu\.m2\repository\org\glassfish\jaxb\jaxb-runtime\2.3.7\jaxb-runtime-2.3.7.jar;C:\Users\fangu\.m2\repository\org\glassfish\jaxb\txw2\2.3.7\txw2-2.3.7.jar;C:\Users\fangu\.m2\repository\com\sun\istack\istack-commons-runtime\3.0.12\istack-commons-runtime-3.0.12.jar;C:\Users\fa
Launcher Type: SUN_STANDARD

[Global flags]
     intx CICompilerCount                          = 3                                         {product} {ergonomic}
     uint ConcGCThreads                            = 1                                         {product} {ergonomic}
     uint G1ConcRefinementThreads                  = 4                                         {product} {ergonomic}
   size_t G1HeapRegionSize                         = 2097152                                   {product} {ergonomic}
    uintx GCDrainStackTargetSize                   = 64                                        {product} {ergonomic}
   size_t InitialHeapSize                          = 201326592                                 {product} {ergonomic}
   size_t MarkStackSize                            = 4194304                                   {product} {ergonomic}
   size_t MaxHeapSize                              = 3191865344                                {product} {ergonomic}
   size_t MaxNewSize                               = 1914699776                                {product} {ergonomic}
   size_t MinHeapDeltaBytes                        = 2097152                                   {product} {ergonomic}
   size_t MinHeapSize                              = 8388608                                   {product} {ergonomic}
    uintx NonNMethodCodeHeapSize                   = 5832780                                {pd product} {ergonomic}
    uintx NonProfiledCodeHeapSize                  = 122912730                              {pd product} {ergonomic}
    uintx ProfiledCodeHeapSize                     = 122912730                              {pd product} {ergonomic}
    uintx ReservedCodeCacheSize                    = 251658240                              {pd product} {ergonomic}
     bool SegmentedCodeCache                       = true                                      {product} {ergonomic}
     bool ShowCodeDetailsInExceptionMessages       = true                                   {manageable} {command line}
   size_t SoftMaxHeapSize                          = 3191865344                             {manageable} {ergonomic}
     bool UseCompressedClassPointers               = true                           {product lp64_product} {ergonomic}
     bool UseCompressedOops                        = true                           {product lp64_product} {ergonomic}
     bool UseG1GC                                  = true                                      {product} {ergonomic}
     bool UseLargePagesIndividualAllocation        = false                                  {pd product} {ergonomic}

Logging:
Log output configuration:
 #0: stdout all=warning uptime,level,tags
 #1: stderr all=off uptime,level,tags

Environment Variables:
JAVA_HOME=C:\Program Files\Java\jdk1.8.0_331
PATH=C:/Program Files/Java/jdk-17.0.2/bin/server;C:/Program Files/Java/jdk-17.0.2/bin;C:\Program Files\Eclipse Foundation\jdk-8.0.302.8-hotspot\bin;C:\Program Files\Common Files\Oracle\Java\javapath;C:\Windows\system32;C:\Windows;C:\Windows\System32\Wbem;C:\Windows\System32\WindowsPowerShell\v1.0\;C:\Windows\System32\OpenSSH\;C:\Program Files\Polyspace\R2020a\runtime\win64;C:\Program Files\Polyspace\R2020a\bin;C:\Program Files\Polyspace\R2020a\polyspace\bin;C:\Program Files\Git\cmd;C:\Program Files\MATLAB\MATLAB Runtime\v98\runtime\win64;C:\Users\fangu\OneDrive\Documentos\Instaladores\apache-maven-3.8.5\bin;C:\Users\fangu\AppData\Roaming\npm;C:\Users\fangu\AppData\Roaming\npm\node_modules\@angular\cli\bin;C:\Users\fangu\AppData\Roaming\nvm;C:\Program Files\nodejs;C:\Program Files\nodejs\;C:\Program Files\TortoiseGit\bin;C:\Program Files\dotnet\;C:\Program Files\Docker\Docker\resources\bin;C:\Users\fangu\AppData\Local\Programs\Python\Python39\Scripts\;C:\Users\fangu\AppData\Local\Programs\Python\Python39\;C:\Users\fangu\AppData\Local\Microsoft\WindowsApps;C:\Users\fangu\AppData\Local\Programs\Microsoft VS Code\bin;C:\Program Files\nodejs;C:\Program Files\heroku\bin;C:\Users\fangu\AppData\Roaming\nvm;C:\Program Files\nodejs;C:\Users\fangu\AppData\Roaming\npm;C:\Users\fangu\.dotnet\tools;C:\Windows\system32;
USERNAME=fangu
OS=Windows_NT
PROCESSOR_IDENTIFIER=Intel64 Family 6 Model 58 Stepping 9, GenuineIntel



---------------  S Y S T E M  ---------------

OS:
 Windows 10 , 64 bit Build 19041 (10.0.19041.2364)
OS uptime: 2 days 0:00 hours

CPU: total 4 (initial active 4) (2 cores per cpu, 2 threads per core) family 6 model 58 stepping 9 microcode 0x21, cx8, cmov, fxsr, ht, mmx, sse, sse2, sse3, ssse3, sse4.1, sse4.2, popcnt, tsc, tscinvbit, avx, aes, erms, clmul, vzeroupper, clflush

Memory: 4k page, system-wide physical 12169M (1067M free)
TotalPageFile size 19712M (AvailPageFile size 21M)
current process WorkingSet (physical memory assigned to process): 264M, peak: 268M
current process commit charge ("private bytes"): 296M, peak: 326M

vm_info: Java HotSpot(TM) 64-Bit Server VM (17.0.2+8-LTS-86) for windows-amd64 JRE (17.0.2+8-LTS-86), built on Dec  7 2021 21:51:03 by "mach5one" with MS VC++ 16.8 / 16.9 (VS2019)

END.
