#
# There is insufficient memory for the Java Runtime Environment to continue.
# Native memory allocation (malloc) failed to allocate 1754384 bytes for Chunk::new
# Possible reasons:
#   The system is out of physical RAM or swap space
#   The process is running with CompressedOops enabled, and the Java Heap may be blocking the growth of the native heap
# Possible solutions:
#   Reduce memory load on the system
#   Increase physical memory or swap space
#   Check if swap backing store is full
#   Decrease Java heap size (-Xmx/-Xms)
#   Decrease number of Java threads
#   Decrease Java thread stack sizes (-Xss)
#   Set larger code cache with -XX:ReservedCodeCacheSize=
#   JVM is running with Zero Based Compressed Oops mode in which the Java heap is
#     placed in the first 32GB address space. The Java Heap base address is the
#     maximum limit for the native heap growth. Please use -XX:HeapBaseMinAddress
#     to set the Java Heap base and to place the Java Heap above 32GB virtual address.
# This output file may be truncated or incomplete.
#
#  Out of Memory Error (arena.cpp:189), pid=10052, tid=21632
#
# JRE version: Java(TM) SE Runtime Environment (17.0.2+8) (build 17.0.2+8-LTS-86)
# Java VM: Java HotSpot(TM) 64-Bit Server VM (17.0.2+8-LTS-86, mixed mode, sharing, tiered, compressed oops, compressed class ptrs, g1 gc, windows-amd64)
# No core dump will be written. Minidumps are not enabled by default on client versions of Windows
#

---------------  S U M M A R Y ------------

Command Line: -XX:+ShowCodeDetailsInExceptionMessages -agentlib:jdwp=transport=dt_socket,suspend=y,address=localhost:61814 -javaagent:C:\Users\fangu\eclipse\jee-2022-03\eclipse\configuration\org.eclipse.osgi\422\0\.cp\lib\javaagent-shaded.jar -Dfile.encoding=UTF-8 com.spaceData.spacemicroservice.SpaceMicroserviceApplication

Host: Intel(R) Core(TM) i5-3337U CPU @ 1.80GHz, 4 cores, 11G,  Windows 10 , 64 bit Build 19041 (10.0.19041.2364)
Time: Thu Jan 19 16:29:02 2023 Hora est. Pacífico, Sudamérica elapsed time: 7.307515 seconds (0d 0h 0m 7s)

---------------  T H R E A D  ---------------

Current thread (0x0000026d7d26fce0):  JavaThread "C2 CompilerThread0" daemon [_thread_in_native, id=21632, stack(0x000000d1e9000000,0x000000d1e9100000)]


Current CompileTask:
C2:   7307 2875       4       jdk.internal.org.objectweb.asm.Frame::execute (2305 bytes)

Stack: [0x000000d1e9000000,0x000000d1e9100000]
Native frames: (J=compiled Java code, j=interpreted, Vv=VM code, C=native code)
V  [jvm.dll+0x670baa]
V  [jvm.dll+0x7cfcb4]
V  [jvm.dll+0x7d145e]
V  [jvm.dll+0x7d1ac3]
V  [jvm.dll+0x242bc5]
V  [jvm.dll+0xaa57b]
V  [jvm.dll+0xaab0c]
V  [jvm.dll+0x35fd07]
V  [jvm.dll+0x1b9982]
V  [jvm.dll+0x215de9]
V  [jvm.dll+0x2150b1]
V  [jvm.dll+0x1a1bbd]
V  [jvm.dll+0x224908]
V  [jvm.dll+0x222a6c]
V  [jvm.dll+0x7859bb]
V  [jvm.dll+0x77ff7a]
V  [jvm.dll+0x66fa35]
C  [ucrtbase.dll+0x21bb2]
C  [KERNEL32.DLL+0x17614]
C  [ntdll.dll+0x526a1]


---------------  P R O C E S S  ---------------

Threads class SMR info:
_java_thread_list=0x0000026d01b06230, length=18, elements={
0x0000026d5d43bd00, 0x0000026d7d2444b0, 0x0000026d7d247ad0, 0x0000026d7d2584b0,
0x0000026d7d25c720, 0x0000026d7d25d870, 0x0000026d7d25f770, 0x0000026d7d26fce0,
0x0000026d7d273300, 0x0000026d7d2858f0, 0x0000026d7d232da0, 0x0000026d7de08110,
0x0000026d7de08dc0, 0x0000026d7de09640, 0x0000026d7e4720e0, 0x0000026d7ecc2ca0,
0x0000026d7ecbd4e0, 0x0000026d7edec730
}

Java Threads: ( => current thread )
  0x0000026d5d43bd00 JavaThread "main" [_thread_blocked, id=14228, stack(0x000000d1e8300000,0x000000d1e8400000)]
  0x0000026d7d2444b0 JavaThread "Reference Handler" daemon [_thread_blocked, id=16124, stack(0x000000d1e8a00000,0x000000d1e8b00000)]
  0x0000026d7d247ad0 JavaThread "Finalizer" daemon [_thread_blocked, id=19176, stack(0x000000d1e8b00000,0x000000d1e8c00000)]
  0x0000026d7d2584b0 JavaThread "Signal Dispatcher" daemon [_thread_blocked, id=22988, stack(0x000000d1e8c00000,0x000000d1e8d00000)]
  0x0000026d7d25c720 JavaThread "Attach Listener" daemon [_thread_blocked, id=23240, stack(0x000000d1e8d00000,0x000000d1e8e00000)]
  0x0000026d7d25d870 JavaThread "Service Thread" daemon [_thread_blocked, id=9580, stack(0x000000d1e8e00000,0x000000d1e8f00000)]
  0x0000026d7d25f770 JavaThread "Monitor Deflation Thread" daemon [_thread_blocked, id=5592, stack(0x000000d1e8f00000,0x000000d1e9000000)]
=>0x0000026d7d26fce0 JavaThread "C2 CompilerThread0" daemon [_thread_in_native, id=21632, stack(0x000000d1e9000000,0x000000d1e9100000)]
  0x0000026d7d273300 JavaThread "C1 CompilerThread0" daemon [_thread_blocked, id=22840, stack(0x000000d1e9100000,0x000000d1e9200000)]
  0x0000026d7d2858f0 JavaThread "Sweeper thread" daemon [_thread_blocked, id=7716, stack(0x000000d1e9200000,0x000000d1e9300000)]
  0x0000026d7d232da0 JavaThread "Common-Cleaner" daemon [_thread_blocked, id=9900, stack(0x000000d1e9300000,0x000000d1e9400000)]
  0x0000026d7de08110 JavaThread "JDWP Transport Listener: dt_socket" daemon [_thread_blocked, id=22028, stack(0x000000d1e9400000,0x000000d1e9500000)]
  0x0000026d7de08dc0 JavaThread "JDWP Event Helper Thread" daemon [_thread_blocked, id=22948, stack(0x000000d1e9500000,0x000000d1e9600000)]
  0x0000026d7de09640 JavaThread "JDWP Command Reader" daemon [_thread_in_native, id=19212, stack(0x000000d1e9600000,0x000000d1e9700000)]
  0x0000026d7e4720e0 JavaThread "Notification Thread" daemon [_thread_blocked, id=22352, stack(0x000000d1e9800000,0x000000d1e9900000)]
  0x0000026d7ecc2ca0 JavaThread "Thread-0" [_thread_blocked, id=14360, stack(0x000000d1e9d00000,0x000000d1e9e00000)]
  0x0000026d7ecbd4e0 JavaThread "restartedMain" [_thread_in_Java, id=10980, stack(0x000000d1e9e00000,0x000000d1e9f00000)]
  0x0000026d7edec730 JavaThread "C2 CompilerThread1" daemon [_thread_in_native, id=10944, stack(0x000000d1e9700000,0x000000d1e9800000)]

Other Threads:
  0x0000026d7d2400f0 VMThread "VM Thread" [stack: 0x000000d1e8900000,0x000000d1e8a00000] [id=23248]
  0x0000026d7e4725b0 WatcherThread [stack: 0x000000d1e9900000,0x000000d1e9a00000] [id=5216]
  0x0000026d5d47eea0 GCTaskThread "GC Thread#0" [stack: 0x000000d1e8400000,0x000000d1e8500000] [id=10692]
  0x0000026d7e791540 GCTaskThread "GC Thread#1" [stack: 0x000000d1e9a00000,0x000000d1e9b00000] [id=15064]
  0x0000026d7e7917f0 GCTaskThread "GC Thread#2" [stack: 0x000000d1e9b00000,0x000000d1e9c00000] [id=7812]
  0x0000026d7e791aa0 GCTaskThread "GC Thread#3" [stack: 0x000000d1e9c00000,0x000000d1e9d00000] [id=22928]
  0x0000026d5d48c3c0 ConcurrentGCThread "G1 Main Marker" [stack: 0x000000d1e8500000,0x000000d1e8600000] [id=23012]
  0x0000026d5d48cdd0 ConcurrentGCThread "G1 Conc#0" [stack: 0x000000d1e8600000,0x000000d1e8700000] [id=9780]
  0x0000026d5d50d680 ConcurrentGCThread "G1 Refine#0" [stack: 0x000000d1e8700000,0x000000d1e8800000] [id=20604]
  0x0000026d5d50e6b0 ConcurrentGCThread "G1 Service" [stack: 0x000000d1e8800000,0x000000d1e8900000] [id=7764]

Threads with active compile tasks:
C2 CompilerThread0     7356 2875       4       jdk.internal.org.objectweb.asm.Frame::execute (2305 bytes)
C2 CompilerThread1     7356 2306 %     4       org.eclipse.jdt.launching.internal.org.objectweb.asm.ClassReader::readCode @ 92 (5109 bytes)

VM state: not at safepoint (normal execution)

VM Mutex/Monitor currently owned by a thread: None

Heap address: 0x0000000741c00000, size: 3044 MB, Compressed Oops mode: Zero based, Oop shift amount: 3

CDS archive(s) mapped at: [0x0000000800000000-0x0000000800bc0000-0x0000000800bc0000), size 12320768, SharedBaseAddress: 0x0000000800000000, ArchiveRelocationMode: 0.
Compressed class space mapped at: 0x0000000800c00000-0x0000000840c00000, reserved size: 1073741824
Narrow klass base: 0x0000000800000000, Narrow klass shift: 0, Narrow klass range: 0x100000000

GC Precious Log:
 CPUs: 4 total, 4 available
 Memory: 12169M
 Large Page Support: Disabled
 NUMA Support: Disabled
 Compressed Oops: Enabled (Zero based)
 Heap Region Size: 2M
 Heap Min Capacity: 8M
 Heap Initial Capacity: 192M
 Heap Max Capacity: 3044M
 Pre-touch: Disabled
 Parallel Workers: 4
 Concurrent Workers: 1
 Concurrent Refinement Workers: 4
 Periodic GC: Disabled

Heap:
 garbage-first heap   total 196608K, used 38636K [0x0000000741c00000, 0x0000000800000000)
  region size 2048K, 18 young (36864K), 3 survivors (6144K)
 Metaspace       used 20550K, committed 20864K, reserved 1073152K
  class space    used 2412K, committed 2560K, reserved 1048576K

Heap Regions: E=young(eden), S=young(survivor), O=old, HS=humongous(starts), HC=humongous(continues), CS=collection set, F=free, OA=open archive, CA=closed archive, TAMS=top-at-mark-start (previous, next)
|   0|0x0000000741c00000, 0x0000000741e00000, 0x0000000741e00000|100%| O|  |TAMS 0x0000000741c00000, 0x0000000741c00000| Untracked 
|   1|0x0000000741e00000, 0x0000000742000000, 0x0000000742000000|100%| O|  |TAMS 0x0000000741e00000, 0x0000000741e00000| Untracked 
|   2|0x0000000742000000, 0x000000074208da00, 0x0000000742200000| 27%| O|  |TAMS 0x0000000742000000, 0x0000000742000000| Untracked 
|   3|0x0000000742200000, 0x0000000742200000, 0x0000000742400000|  0%| F|  |TAMS 0x0000000742200000, 0x0000000742200000| Untracked 
|   4|0x0000000742400000, 0x0000000742400000, 0x0000000742600000|  0%| F|  |TAMS 0x0000000742400000, 0x0000000742400000| Untracked 
|   5|0x0000000742600000, 0x0000000742600000, 0x0000000742800000|  0%| F|  |TAMS 0x0000000742600000, 0x0000000742600000| Untracked 
|   6|0x0000000742800000, 0x0000000742800000, 0x0000000742a00000|  0%| F|  |TAMS 0x0000000742800000, 0x0000000742800000| Untracked 
|   7|0x0000000742a00000, 0x0000000742a00000, 0x0000000742c00000|  0%| F|  |TAMS 0x0000000742a00000, 0x0000000742a00000| Untracked 
|   8|0x0000000742c00000, 0x0000000742c00000, 0x0000000742e00000|  0%| F|  |TAMS 0x0000000742c00000, 0x0000000742c00000| Untracked 
|   9|0x0000000742e00000, 0x0000000742e00000, 0x0000000743000000|  0%| F|  |TAMS 0x0000000742e00000, 0x0000000742e00000| Untracked 
|  10|0x0000000743000000, 0x0000000743000000, 0x0000000743200000|  0%| F|  |TAMS 0x0000000743000000, 0x0000000743000000| Untracked 
|  11|0x0000000743200000, 0x0000000743200000, 0x0000000743400000|  0%| F|  |TAMS 0x0000000743200000, 0x0000000743200000| Untracked 
|  12|0x0000000743400000, 0x0000000743400000, 0x0000000743600000|  0%| F|  |TAMS 0x0000000743400000, 0x0000000743400000| Untracked 
|  13|0x0000000743600000, 0x0000000743600000, 0x0000000743800000|  0%| F|  |TAMS 0x0000000743600000, 0x0000000743600000| Untracked 
|  14|0x0000000743800000, 0x0000000743800000, 0x0000000743a00000|  0%| F|  |TAMS 0x0000000743800000, 0x0000000743800000| Untracked 
|  15|0x0000000743a00000, 0x0000000743a00000, 0x0000000743c00000|  0%| F|  |TAMS 0x0000000743a00000, 0x0000000743a00000| Untracked 
|  16|0x0000000743c00000, 0x0000000743c00000, 0x0000000743e00000|  0%| F|  |TAMS 0x0000000743c00000, 0x0000000743c00000| Untracked 
|  17|0x0000000743e00000, 0x0000000743e00000, 0x0000000744000000|  0%| F|  |TAMS 0x0000000743e00000, 0x0000000743e00000| Untracked 
|  18|0x0000000744000000, 0x0000000744000000, 0x0000000744200000|  0%| F|  |TAMS 0x0000000744000000, 0x0000000744000000| Untracked 
|  19|0x0000000744200000, 0x0000000744200000, 0x0000000744400000|  0%| F|  |TAMS 0x0000000744200000, 0x0000000744200000| Untracked 
|  20|0x0000000744400000, 0x0000000744400000, 0x0000000744600000|  0%| F|  |TAMS 0x0000000744400000, 0x0000000744400000| Untracked 
|  21|0x0000000744600000, 0x0000000744600000, 0x0000000744800000|  0%| F|  |TAMS 0x0000000744600000, 0x0000000744600000| Untracked 
|  22|0x0000000744800000, 0x0000000744800000, 0x0000000744a00000|  0%| F|  |TAMS 0x0000000744800000, 0x0000000744800000| Untracked 
|  23|0x0000000744a00000, 0x0000000744a00000, 0x0000000744c00000|  0%| F|  |TAMS 0x0000000744a00000, 0x0000000744a00000| Untracked 
|  24|0x0000000744c00000, 0x0000000744c00000, 0x0000000744e00000|  0%| F|  |TAMS 0x0000000744c00000, 0x0000000744c00000| Untracked 
|  25|0x0000000744e00000, 0x0000000744e00000, 0x0000000745000000|  0%| F|  |TAMS 0x0000000744e00000, 0x0000000744e00000| Untracked 
|  26|0x0000000745000000, 0x0000000745000000, 0x0000000745200000|  0%| F|  |TAMS 0x0000000745000000, 0x0000000745000000| Untracked 
|  27|0x0000000745200000, 0x0000000745200000, 0x0000000745400000|  0%| F|  |TAMS 0x0000000745200000, 0x0000000745200000| Untracked 
|  28|0x0000000745400000, 0x0000000745400000, 0x0000000745600000|  0%| F|  |TAMS 0x0000000745400000, 0x0000000745400000| Untracked 
|  29|0x0000000745600000, 0x0000000745600000, 0x0000000745800000|  0%| F|  |TAMS 0x0000000745600000, 0x0000000745600000| Untracked 
|  30|0x0000000745800000, 0x0000000745800000, 0x0000000745a00000|  0%| F|  |TAMS 0x0000000745800000, 0x0000000745800000| Untracked 
|  31|0x0000000745a00000, 0x0000000745a00000, 0x0000000745c00000|  0%| F|  |TAMS 0x0000000745a00000, 0x0000000745a00000| Untracked 
|  32|0x0000000745c00000, 0x0000000745c00000, 0x0000000745e00000|  0%| F|  |TAMS 0x0000000745c00000, 0x0000000745c00000| Untracked 
|  33|0x0000000745e00000, 0x0000000745e00000, 0x0000000746000000|  0%| F|  |TAMS 0x0000000745e00000, 0x0000000745e00000| Untracked 
|  34|0x0000000746000000, 0x0000000746000000, 0x0000000746200000|  0%| F|  |TAMS 0x0000000746000000, 0x0000000746000000| Untracked 
|  35|0x0000000746200000, 0x0000000746200000, 0x0000000746400000|  0%| F|  |TAMS 0x0000000746200000, 0x0000000746200000| Untracked 
|  36|0x0000000746400000, 0x000000074652d6b0, 0x0000000746600000| 58%| S|CS|TAMS 0x0000000746400000, 0x0000000746400000| Complete 
|  37|0x0000000746600000, 0x0000000746800000, 0x0000000746800000|100%| S|CS|TAMS 0x0000000746600000, 0x0000000746600000| Complete 
|  38|0x0000000746800000, 0x0000000746a00000, 0x0000000746a00000|100%| S|CS|TAMS 0x0000000746800000, 0x0000000746800000| Complete 
|  39|0x0000000746a00000, 0x0000000746a00000, 0x0000000746c00000|  0%| F|  |TAMS 0x0000000746a00000, 0x0000000746a00000| Untracked 
|  40|0x0000000746c00000, 0x0000000746c00000, 0x0000000746e00000|  0%| F|  |TAMS 0x0000000746c00000, 0x0000000746c00000| Untracked 
|  41|0x0000000746e00000, 0x0000000746e00000, 0x0000000747000000|  0%| F|  |TAMS 0x0000000746e00000, 0x0000000746e00000| Untracked 
|  42|0x0000000747000000, 0x0000000747000000, 0x0000000747200000|  0%| F|  |TAMS 0x0000000747000000, 0x0000000747000000| Untracked 
|  43|0x0000000747200000, 0x0000000747200000, 0x0000000747400000|  0%| F|  |TAMS 0x0000000747200000, 0x0000000747200000| Untracked 
|  44|0x0000000747400000, 0x0000000747400000, 0x0000000747600000|  0%| F|  |TAMS 0x0000000747400000, 0x0000000747400000| Untracked 
|  45|0x0000000747600000, 0x0000000747600000, 0x0000000747800000|  0%| F|  |TAMS 0x0000000747600000, 0x0000000747600000| Untracked 
|  46|0x0000000747800000, 0x0000000747800000, 0x0000000747a00000|  0%| F|  |TAMS 0x0000000747800000, 0x0000000747800000| Untracked 
|  47|0x0000000747a00000, 0x0000000747a00000, 0x0000000747c00000|  0%| F|  |TAMS 0x0000000747a00000, 0x0000000747a00000| Untracked 
|  48|0x0000000747c00000, 0x0000000747c00000, 0x0000000747e00000|  0%| F|  |TAMS 0x0000000747c00000, 0x0000000747c00000| Untracked 
|  49|0x0000000747e00000, 0x0000000747e00000, 0x0000000748000000|  0%| F|  |TAMS 0x0000000747e00000, 0x0000000747e00000| Untracked 
|  50|0x0000000748000000, 0x0000000748000000, 0x0000000748200000|  0%| F|  |TAMS 0x0000000748000000, 0x0000000748000000| Untracked 
|  51|0x0000000748200000, 0x0000000748200000, 0x0000000748400000|  0%| F|  |TAMS 0x0000000748200000, 0x0000000748200000| Untracked 
|  52|0x0000000748400000, 0x0000000748400000, 0x0000000748600000|  0%| F|  |TAMS 0x0000000748400000, 0x0000000748400000| Untracked 
|  53|0x0000000748600000, 0x0000000748600000, 0x0000000748800000|  0%| F|  |TAMS 0x0000000748600000, 0x0000000748600000| Untracked 
|  54|0x0000000748800000, 0x0000000748800000, 0x0000000748a00000|  0%| F|  |TAMS 0x0000000748800000, 0x0000000748800000| Untracked 
|  55|0x0000000748a00000, 0x0000000748a00000, 0x0000000748c00000|  0%| F|  |TAMS 0x0000000748a00000, 0x0000000748a00000| Untracked 
|  56|0x0000000748c00000, 0x0000000748c00000, 0x0000000748e00000|  0%| F|  |TAMS 0x0000000748c00000, 0x0000000748c00000| Untracked 
|  57|0x0000000748e00000, 0x0000000748e00000, 0x0000000749000000|  0%| F|  |TAMS 0x0000000748e00000, 0x0000000748e00000| Untracked 
|  58|0x0000000749000000, 0x0000000749000000, 0x0000000749200000|  0%| F|  |TAMS 0x0000000749000000, 0x0000000749000000| Untracked 
|  59|0x0000000749200000, 0x0000000749200000, 0x0000000749400000|  0%| F|  |TAMS 0x0000000749200000, 0x0000000749200000| Untracked 
|  60|0x0000000749400000, 0x0000000749400000, 0x0000000749600000|  0%| F|  |TAMS 0x0000000749400000, 0x0000000749400000| Untracked 
|  61|0x0000000749600000, 0x0000000749600000, 0x0000000749800000|  0%| F|  |TAMS 0x0000000749600000, 0x0000000749600000| Untracked 
|  62|0x0000000749800000, 0x0000000749800000, 0x0000000749a00000|  0%| F|  |TAMS 0x0000000749800000, 0x0000000749800000| Untracked 
|  63|0x0000000749a00000, 0x0000000749a00000, 0x0000000749c00000|  0%| F|  |TAMS 0x0000000749a00000, 0x0000000749a00000| Untracked 
|  64|0x0000000749c00000, 0x0000000749c00000, 0x0000000749e00000|  0%| F|  |TAMS 0x0000000749c00000, 0x0000000749c00000| Untracked 
|  65|0x0000000749e00000, 0x0000000749e00000, 0x000000074a000000|  0%| F|  |TAMS 0x0000000749e00000, 0x0000000749e00000| Untracked 
|  66|0x000000074a000000, 0x000000074a000000, 0x000000074a200000|  0%| F|  |TAMS 0x000000074a000000, 0x000000074a000000| Untracked 
|  67|0x000000074a200000, 0x000000074a200000, 0x000000074a400000|  0%| F|  |TAMS 0x000000074a200000, 0x000000074a200000| Untracked 
|  68|0x000000074a400000, 0x000000074a400000, 0x000000074a600000|  0%| F|  |TAMS 0x000000074a400000, 0x000000074a400000| Untracked 
|  69|0x000000074a600000, 0x000000074a600000, 0x000000074a800000|  0%| F|  |TAMS 0x000000074a600000, 0x000000074a600000| Untracked 
|  70|0x000000074a800000, 0x000000074a800000, 0x000000074aa00000|  0%| F|  |TAMS 0x000000074a800000, 0x000000074a800000| Untracked 
|  71|0x000000074aa00000, 0x000000074aa00000, 0x000000074ac00000|  0%| F|  |TAMS 0x000000074aa00000, 0x000000074aa00000| Untracked 
|  72|0x000000074ac00000, 0x000000074ac00000, 0x000000074ae00000|  0%| F|  |TAMS 0x000000074ac00000, 0x000000074ac00000| Untracked 
|  73|0x000000074ae00000, 0x000000074ae00000, 0x000000074b000000|  0%| F|  |TAMS 0x000000074ae00000, 0x000000074ae00000| Untracked 
|  74|0x000000074b000000, 0x000000074b000000, 0x000000074b200000|  0%| F|  |TAMS 0x000000074b000000, 0x000000074b000000| Untracked 
|  75|0x000000074b200000, 0x000000074b200000, 0x000000074b400000|  0%| F|  |TAMS 0x000000074b200000, 0x000000074b200000| Untracked 
|  76|0x000000074b400000, 0x000000074b400000, 0x000000074b600000|  0%| F|  |TAMS 0x000000074b400000, 0x000000074b400000| Untracked 
|  77|0x000000074b600000, 0x000000074b600000, 0x000000074b800000|  0%| F|  |TAMS 0x000000074b600000, 0x000000074b600000| Untracked 
|  78|0x000000074b800000, 0x000000074b800000, 0x000000074ba00000|  0%| F|  |TAMS 0x000000074b800000, 0x000000074b800000| Untracked 
|  79|0x000000074ba00000, 0x000000074ba00000, 0x000000074bc00000|  0%| F|  |TAMS 0x000000074ba00000, 0x000000074ba00000| Untracked 
|  80|0x000000074bc00000, 0x000000074bc00000, 0x000000074be00000|  0%| F|  |TAMS 0x000000074bc00000, 0x000000074bc00000| Untracked 
|  81|0x000000074be00000, 0x000000074bf00610, 0x000000074c000000| 50%| E|  |TAMS 0x000000074be00000, 0x000000074be00000| Complete 
|  82|0x000000074c000000, 0x000000074c200000, 0x000000074c200000|100%| E|CS|TAMS 0x000000074c000000, 0x000000074c000000| Complete 
|  83|0x000000074c200000, 0x000000074c400000, 0x000000074c400000|100%| E|CS|TAMS 0x000000074c200000, 0x000000074c200000| Complete 
|  84|0x000000074c400000, 0x000000074c600000, 0x000000074c600000|100%| E|CS|TAMS 0x000000074c400000, 0x000000074c400000| Complete 
|  85|0x000000074c600000, 0x000000074c800000, 0x000000074c800000|100%| E|CS|TAMS 0x000000074c600000, 0x000000074c600000| Complete 
|  86|0x000000074c800000, 0x000000074ca00000, 0x000000074ca00000|100%| E|CS|TAMS 0x000000074c800000, 0x000000074c800000| Complete 
|  87|0x000000074ca00000, 0x000000074cc00000, 0x000000074cc00000|100%| E|CS|TAMS 0x000000074ca00000, 0x000000074ca00000| Complete 
|  88|0x000000074cc00000, 0x000000074ce00000, 0x000000074ce00000|100%| E|CS|TAMS 0x000000074cc00000, 0x000000074cc00000| Complete 
|  89|0x000000074ce00000, 0x000000074d000000, 0x000000074d000000|100%| E|CS|TAMS 0x000000074ce00000, 0x000000074ce00000| Complete 
|  90|0x000000074d000000, 0x000000074d200000, 0x000000074d200000|100%| E|CS|TAMS 0x000000074d000000, 0x000000074d000000| Complete 
|  91|0x000000074d200000, 0x000000074d400000, 0x000000074d400000|100%| E|CS|TAMS 0x000000074d200000, 0x000000074d200000| Complete 
|  92|0x000000074d400000, 0x000000074d600000, 0x000000074d600000|100%| E|CS|TAMS 0x000000074d400000, 0x000000074d400000| Complete 
|  93|0x000000074d600000, 0x000000074d800000, 0x000000074d800000|100%| E|CS|TAMS 0x000000074d600000, 0x000000074d600000| Complete 
|  94|0x000000074d800000, 0x000000074da00000, 0x000000074da00000|100%| E|CS|TAMS 0x000000074d800000, 0x000000074d800000| Complete 
|  95|0x000000074da00000, 0x000000074dc00000, 0x000000074dc00000|100%| E|CS|TAMS 0x000000074da00000, 0x000000074da00000| Complete 

Card table byte_map: [0x0000026d74290000,0x0000026d74890000] _byte_map_base: 0x0000026d70882000

Marking Bits (Prev, Next): (CMBitMap*) 0x0000026d5d47f4b0, (CMBitMap*) 0x0000026d5d47f4f0
 Prev Bits: [0x0000026d74e90000, 0x0000026d77e20000)
 Next Bits: [0x0000026d77e20000, 0x0000026d7adb0000)

Polling page: 0x0000026d5b300000

Metaspace:

Usage:
  Non-class:     17.72 MB used.
      Class:      2.36 MB used.
       Both:     20.07 MB used.

Virtual space:
  Non-class space:       24.00 MB reserved,      17.88 MB ( 74%) committed,  3 nodes.
      Class space:        1.00 GB reserved,       2.50 MB ( <1%) committed,  1 nodes.
             Both:        1.02 GB reserved,      20.38 MB (  2%) committed. 

Chunk freelists:
   Non-Class:  1.97 MB
       Class:  1.55 MB
        Both:  3.52 MB

MaxMetaspaceSize: unlimited
CompressedClassSpaceSize: 1.00 GB
Initial GC threshold: 21.00 MB
Current GC threshold: 21.00 MB
CDS: on
MetaspaceReclaimPolicy: balanced
 - commit_granule_bytes: 65536.
 - commit_granule_words: 8192.
 - virtual_space_node_default_size: 1048576.
 - enlarge_chunks_in_place: 1.
 - new_chunks_are_fully_committed: 0.
 - uncommit_free_chunks: 1.
 - use_allocation_guard: 0.
 - handle_deallocations: 1.


Internal statistics:

num_allocs_failed_limit: 0.
num_arena_births: 176.
num_arena_deaths: 0.
num_vsnodes_births: 4.
num_vsnodes_deaths: 0.
num_space_committed: 326.
num_space_uncommitted: 0.
num_chunks_returned_to_freelist: 0.
num_chunks_taken_from_freelist: 834.
num_chunk_merges: 0.
num_chunk_splits: 565.
num_chunks_enlarged: 449.
num_purges: 0.
num_inconsistent_stats: 0.

CodeHeap 'non-profiled nmethods': size=120000Kb used=1583Kb max_used=1583Kb free=118416Kb
 bounds [0x0000026d6c760000, 0x0000026d6c9d0000, 0x0000026d73c90000]
CodeHeap 'profiled nmethods': size=120000Kb used=6882Kb max_used=6882Kb free=113117Kb
 bounds [0x0000026d65230000, 0x0000026d658f0000, 0x0000026d6c760000]
CodeHeap 'non-nmethods': size=5760Kb used=1249Kb max_used=1333Kb free=4510Kb
 bounds [0x0000026d64c90000, 0x0000026d64f00000, 0x0000026d65230000]
 total_blobs=3512 nmethods=3040 adapters=384
 compilation: enabled
              stopped_count=0, restarted_count=0
 full_count=0

Compilation events (20 events):
Event: 7.257 Thread 0x0000026d7d273300 nmethod 3003 0x0000026d658d7490 code [0x0000026d658d7640, 0x0000026d658d78d8]
Event: 7.258 Thread 0x0000026d7d273300 3004   !   3       sun.reflect.annotation.AnnotationParser::parseEnumValue (123 bytes)
Event: 7.260 Thread 0x0000026d7d273300 nmethod 3004 0x0000026d658d7a10 code [0x0000026d658d7d40, 0x0000026d658d8c28]
Event: 7.260 Thread 0x0000026d7d273300 3005       3       org.springframework.boot.autoconfigure.condition.OnBeanCondition$Spec::merge (7 bytes)
Event: 7.260 Thread 0x0000026d7d273300 nmethod 3005 0x0000026d658d9390 code [0x0000026d658d9520, 0x0000026d658d9668]
Event: 7.264 Thread 0x0000026d7d273300 3006       3       org.springframework.core.ResolvableType::isAssignableFrom (10 bytes)
Event: 7.265 Thread 0x0000026d7d273300 nmethod 3006 0x0000026d658d9710 code [0x0000026d658d98c0, 0x0000026d658d9b18]
Event: 7.265 Thread 0x0000026d7d273300 3007       3       org.springframework.core.ResolvableType::isAssignableFrom (7 bytes)
Event: 7.265 Thread 0x0000026d7d273300 nmethod 3007 0x0000026d658d9c10 code [0x0000026d658d9dc0, 0x0000026d658d9f28]
Event: 7.277 Thread 0x0000026d7d273300 3008       3       org.springframework.beans.factory.support.AbstractBeanDefinition::getBeanClassName (25 bytes)
Event: 7.278 Thread 0x0000026d7d273300 nmethod 3008 0x0000026d658da010 code [0x0000026d658da1e0, 0x0000026d658da748]
Event: 7.279 Thread 0x0000026d7d273300 3009       1       org.springframework.beans.factory.support.AbstractBeanDefinition::setRole (6 bytes)
Event: 7.279 Thread 0x0000026d7d273300 nmethod 3009 0x0000026d6c8e6290 code [0x0000026d6c8e6420, 0x0000026d6c8e64f8]
Event: 7.299 Thread 0x0000026d7d273300 3010       3       org.springframework.core.annotation.AnnotationsScanner::process (43 bytes)
Event: 7.299 Thread 0x0000026d7d273300 nmethod 3010 0x0000026d658da890 code [0x0000026d658daa80, 0x0000026d658db108]
Event: 7.302 Thread 0x0000026d7d273300 3011       1       org.springframework.beans.BeanMetadataAttributeAccessor::getSource (5 bytes)
Event: 7.302 Thread 0x0000026d7d273300 nmethod 3011 0x0000026d6c8e6590 code [0x0000026d6c8e6720, 0x0000026d6c8e67f8]
Event: 7.303 Thread 0x0000026d7d273300 3012       3       org.springframework.boot.autoconfigure.condition.SpringBootCondition::logOutcome (28 bytes)
Event: 7.303 Thread 0x0000026d7d273300 nmethod 3012 0x0000026d658db210 code [0x0000026d658db3e0, 0x0000026d658db728]
Event: 7.303 Thread 0x0000026d7d273300 3013       3       org.springframework.boot.autoconfigure.condition.ConditionEvaluationReport::recordConditionEvaluation (84 bytes)

GC Heap History (8 events):
Event: 0.889 GC heap before
{Heap before GC invocations=0 (full 0):
 garbage-first heap   total 196608K, used 10240K [0x0000000741c00000, 0x0000000800000000)
  region size 2048K, 6 young (12288K), 0 survivors (0K)
 Metaspace       used 3340K, committed 3392K, reserved 1056768K
  class space    used 288K, committed 320K, reserved 1048576K
}
Event: 0.896 GC heap after
{Heap after GC invocations=1 (full 0):
 garbage-first heap   total 196608K, used 4757K [0x0000000741c00000, 0x0000000800000000)
  region size 2048K, 1 young (2048K), 1 survivors (2048K)
 Metaspace       used 3340K, committed 3392K, reserved 1056768K
  class space    used 288K, committed 320K, reserved 1048576K
}
Event: 1.251 GC heap before
{Heap before GC invocations=1 (full 0):
 garbage-first heap   total 196608K, used 12949K [0x0000000741c00000, 0x0000000800000000)
  region size 2048K, 5 young (10240K), 1 survivors (2048K)
 Metaspace       used 4699K, committed 4864K, reserved 1056768K
  class space    used 437K, committed 512K, reserved 1048576K
}
Event: 1.255 GC heap after
{Heap after GC invocations=2 (full 0):
 garbage-first heap   total 196608K, used 5867K [0x0000000741c00000, 0x0000000800000000)
  region size 2048K, 1 young (2048K), 1 survivors (2048K)
 Metaspace       used 4699K, committed 4864K, reserved 1056768K
  class space    used 437K, committed 512K, reserved 1048576K
}
Event: 2.000 GC heap before
{Heap before GC invocations=2 (full 0):
 garbage-first heap   total 196608K, used 32491K [0x0000000741c00000, 0x0000000800000000)
  region size 2048K, 14 young (28672K), 1 survivors (2048K)
 Metaspace       used 7950K, committed 8192K, reserved 1056768K
  class space    used 841K, committed 960K, reserved 1048576K
}
Event: 2.004 GC heap after
{Heap after GC invocations=3 (full 0):
 garbage-first heap   total 196608K, used 6644K [0x0000000741c00000, 0x0000000800000000)
  region size 2048K, 1 young (2048K), 1 survivors (2048K)
 Metaspace       used 7950K, committed 8192K, reserved 1056768K
  class space    used 841K, committed 960K, reserved 1048576K
}
Event: 6.054 GC heap before
{Heap before GC invocations=3 (full 0):
 garbage-first heap   total 196608K, used 121332K [0x0000000741c00000, 0x0000000800000000)
  region size 2048K, 57 young (116736K), 1 survivors (2048K)
 Metaspace       used 18672K, committed 18944K, reserved 1073152K
  class space    used 2176K, committed 2304K, reserved 1048576K
}
Event: 6.066 GC heap after
{Heap after GC invocations=4 (full 0):
 garbage-first heap   total 196608K, used 9964K [0x0000000741c00000, 0x0000000800000000)
  region size 2048K, 3 young (6144K), 3 survivors (6144K)
 Metaspace       used 18672K, committed 18944K, reserved 1073152K
  class space    used 2176K, committed 2304K, reserved 1048576K
}

Deoptimization events (20 events):
Event: 7.279 Thread 0x0000026d7ecbd4e0 DEOPT PACKING pc=0x0000026d6572282c sp=0x000000d1e9efca60
Event: 7.279 Thread 0x0000026d7ecbd4e0 DEOPT UNPACKING pc=0x0000026d64ce2b43 sp=0x000000d1e9efc020 mode 1
Event: 7.282 Thread 0x0000026d7ecbd4e0 DEOPT PACKING pc=0x0000026d657274a9 sp=0x000000d1e9efc880
Event: 7.282 Thread 0x0000026d7ecbd4e0 DEOPT UNPACKING pc=0x0000026d64ce2b43 sp=0x000000d1e9efbd58 mode 1
Event: 7.282 Thread 0x0000026d7ecbd4e0 DEOPT PACKING pc=0x0000026d65725e1c sp=0x000000d1e9efc910
Event: 7.282 Thread 0x0000026d7ecbd4e0 DEOPT UNPACKING pc=0x0000026d64ce2b43 sp=0x000000d1e9efbea8 mode 1
Event: 7.282 Thread 0x0000026d7ecbd4e0 DEOPT PACKING pc=0x0000026d6572282c sp=0x000000d1e9efca60
Event: 7.282 Thread 0x0000026d7ecbd4e0 DEOPT UNPACKING pc=0x0000026d64ce2b43 sp=0x000000d1e9efc020 mode 1
Event: 7.286 Thread 0x0000026d7ecbd4e0 DEOPT PACKING pc=0x0000026d657274a9 sp=0x000000d1e9efcec0
Event: 7.286 Thread 0x0000026d7ecbd4e0 DEOPT UNPACKING pc=0x0000026d64ce2b43 sp=0x000000d1e9efc398 mode 1
Event: 7.286 Thread 0x0000026d7ecbd4e0 DEOPT PACKING pc=0x0000026d65725e1c sp=0x000000d1e9efcf50
Event: 7.286 Thread 0x0000026d7ecbd4e0 DEOPT UNPACKING pc=0x0000026d64ce2b43 sp=0x000000d1e9efc4e8 mode 1
Event: 7.286 Thread 0x0000026d7ecbd4e0 DEOPT PACKING pc=0x0000026d6572282c sp=0x000000d1e9efd0a0
Event: 7.286 Thread 0x0000026d7ecbd4e0 DEOPT UNPACKING pc=0x0000026d64ce2b43 sp=0x000000d1e9efc660 mode 1
Event: 7.301 Thread 0x0000026d7ecbd4e0 DEOPT PACKING pc=0x0000026d657274a9 sp=0x000000d1e9efcec0
Event: 7.301 Thread 0x0000026d7ecbd4e0 DEOPT UNPACKING pc=0x0000026d64ce2b43 sp=0x000000d1e9efc398 mode 1
Event: 7.301 Thread 0x0000026d7ecbd4e0 DEOPT PACKING pc=0x0000026d65725e1c sp=0x000000d1e9efcf50
Event: 7.301 Thread 0x0000026d7ecbd4e0 DEOPT UNPACKING pc=0x0000026d64ce2b43 sp=0x000000d1e9efc4e8 mode 1
Event: 7.301 Thread 0x0000026d7ecbd4e0 DEOPT PACKING pc=0x0000026d6572282c sp=0x000000d1e9efd0a0
Event: 7.301 Thread 0x0000026d7ecbd4e0 DEOPT UNPACKING pc=0x0000026d64ce2b43 sp=0x000000d1e9efc660 mode 1

Classes unloaded (0 events):
No events

Classes redefined (0 events):
No events

Internal exceptions (20 events):
Event: 4.336 Thread 0x0000026d7ecbd4e0 Exception <a 'java/lang/ClassNotFoundException'{0x000000074862fc18}: org/springframework/beans/factory/config/BeanFactoryPostProcessorCustomizer> (0x000000074862fc18) 
thrown [t:\workspace\open\src\hotspot\share\classfile\systemDictionary.cpp, line 256]
Event: 4.339 Thread 0x0000026d7ecbd4e0 Exception <a 'java/lang/ClassNotFoundException'{0x00000007486352e0}: org/springframework/core/PriorityOrderedCustomizer> (0x00000007486352e0) 
thrown [t:\workspace\open\src\hotspot\share\classfile\systemDictionary.cpp, line 256]
Event: 4.340 Thread 0x0000026d7ecbd4e0 Exception <a 'java/lang/ClassNotFoundException'{0x00000007486395d8}: org/springframework/core/OrderedCustomizer> (0x00000007486395d8) 
thrown [t:\workspace\open\src\hotspot\share\classfile\systemDictionary.cpp, line 256]
Event: 4.342 Thread 0x0000026d7ecbd4e0 Exception <a 'java/lang/ClassNotFoundException'{0x000000074863eb58}: org/springframework/context/ResourceLoaderAwareCustomizer> (0x000000074863eb58) 
thrown [t:\workspace\open\src\hotspot\share\classfile\systemDictionary.cpp, line 256]
Event: 4.344 Thread 0x0000026d7ecbd4e0 Exception <a 'java/lang/ClassNotFoundException'{0x0000000748644218}: org/springframework/beans/factory/AwareCustomizer> (0x0000000748644218) 
thrown [t:\workspace\open\src\hotspot\share\classfile\systemDictionary.cpp, line 256]
Event: 4.346 Thread 0x0000026d7ecbd4e0 Exception <a 'java/lang/ClassNotFoundException'{0x0000000748648900}: org/springframework/context/ApplicationStartupAwareCustomizer> (0x0000000748648900) 
thrown [t:\workspace\open\src\hotspot\share\classfile\systemDictionary.cpp, line 256]
Event: 4.347 Thread 0x0000026d7ecbd4e0 Exception <a 'java/lang/ClassNotFoundException'{0x000000074864e248}: org/springframework/beans/factory/AwareCustomizer> (0x000000074864e248) 
thrown [t:\workspace\open\src\hotspot\share\classfile\systemDictionary.cpp, line 256]
Event: 4.349 Thread 0x0000026d7ecbd4e0 Exception <a 'java/lang/ClassNotFoundException'{0x0000000748652938}: org/springframework/beans/factory/BeanClassLoaderAwareCustomizer> (0x0000000748652938) 
thrown [t:\workspace\open\src\hotspot\share\classfile\systemDictionary.cpp, line 256]
Event: 4.350 Thread 0x0000026d7ecbd4e0 Exception <a 'java/lang/ClassNotFoundException'{0x0000000748657fe0}: org/springframework/beans/factory/AwareCustomizer> (0x0000000748657fe0) 
thrown [t:\workspace\open\src\hotspot\share\classfile\systemDictionary.cpp, line 256]
Event: 4.352 Thread 0x0000026d7ecbd4e0 Exception <a 'java/lang/ClassNotFoundException'{0x000000074865c448}: org/springframework/context/EnvironmentAwareCustomizer> (0x000000074865c448) 
thrown [t:\workspace\open\src\hotspot\share\classfile\systemDictionary.cpp, line 256]
Event: 4.353 Thread 0x0000026d7ecbd4e0 Exception <a 'java/lang/ClassNotFoundException'{0x0000000748661a88}: org/springframework/beans/factory/AwareCustomizer> (0x0000000748661a88) 
thrown [t:\workspace\open\src\hotspot\share\classfile\systemDictionary.cpp, line 256]
Event: 4.394 Thread 0x0000026d7f6a15c0 Exception <a 'java/lang/NoSuchMethodError'{0x0000000748561378}: 'long java.lang.invoke.DirectMethodHandle$Holder.invokeSpecial(java.lang.Object, java.lang.Object)'> (0x0000000748561378) 
thrown [t:\workspace\open\src\hotspot\share\interpreter\linkResolver.cpp, line 766]
Event: 4.401 Thread 0x0000026d7f6a15c0 Exception <a 'java/lang/NoSuchMethodError'{0x000000074856c1c8}: 'long java.lang.invoke.DirectMethodHandle$Holder.invokeStatic(java.lang.Object, java.lang.Object)'> (0x000000074856c1c8) 
thrown [t:\workspace\open\src\hotspot\share\interpreter\linkResolver.cpp, line 766]
Event: 4.401 Thread 0x0000026d7f6a15c0 Exception <a 'java/lang/NoSuchMethodError'{0x000000074856f7c8}: 'long java.lang.invoke.DirectMethodHandle$Holder.invokeStaticInit(java.lang.Object, java.lang.Object)'> (0x000000074856f7c8) 
thrown [t:\workspace\open\src\hotspot\share\interpreter\linkResolver.cpp, line 766]
Event: 4.408 Thread 0x0000026d7f6a15c0 Exception <a 'java/lang/NoSuchMethodError'{0x000000074857d2f0}: 'long java.lang.invoke.DirectMethodHandle$Holder.invokeInterface(java.lang.Object, java.lang.Object)'> (0x000000074857d2f0) 
thrown [t:\workspace\open\src\hotspot\share\interpreter\linkResolver.cpp, line 766]
Event: 4.408 Thread 0x0000026d7f6a15c0 Exception <a 'java/lang/IncompatibleClassChangeError'{0x0000000748580880}: Found class java.lang.Object, but interface was expected> (0x0000000748580880) 
thrown [t:\workspace\open\src\hotspot\share\interpreter\linkResolver.cpp, line 833]
Event: 4.422 Thread 0x0000026d7ecbd4e0 Exception <a 'java/lang/NoSuchMethodError'{0x0000000748233948}: 'java.lang.Object java.lang.invoke.DirectMethodHandle$Holder.invokeVirtual(java.lang.Object, java.lang.Object, java.lang.Object)'> (0x0000000748233948) 
thrown [t:\workspace\open\src\hotspot\share\interpreter\linkResolver.cpp, line 766]
Event: 4.438 Thread 0x0000026d7f6a15c0 Exception <a 'java/lang/NoSuchMethodError'{0x00000007483d4568}: 'java.lang.Object java.lang.invoke.DirectMethodHandle$Holder.invokeVirtual(java.lang.Object, java.lang.Object, java.lang.Object, java.lang.Object)'> (0x00000007483d4568) 
thrown [t:\workspace\open\src\hotspot\share\interpreter\linkResolver.cpp, line 766]
Event: 5.409 Thread 0x0000026d7ecbd4e0 Exception <a 'java/lang/IncompatibleClassChangeError'{0x00000007475c0540}: Found class java.lang.Object, but interface was expected> (0x00000007475c0540) 
thrown [t:\workspace\open\src\hotspot\share\interpreter\linkResolver.cpp, line 833]
Event: 5.515 Thread 0x0000026d7ecbd4e0 Exception <a 'java/lang/NoSuchMethodError'{0x00000007473b84f8}: 'void java.lang.invoke.DirectMethodHandle$Holder.invokeInterface(java.lang.Object, java.lang.Object, java.lang.Object, java.lang.Object)'> (0x00000007473b84f8) 
thrown [t:\workspace\open\src\hotspot\share\interpreter\linkResolver.cpp, line 766]

VM Operations (20 events):
Event: 4.104 Executing VM operation: Cleanup
Event: 4.104 Executing VM operation: Cleanup done
Event: 4.162 Executing VM operation: HandshakeAllThreads
Event: 4.162 Executing VM operation: HandshakeAllThreads done
Event: 4.314 Executing VM operation: HandshakeAllThreads
Event: 4.314 Executing VM operation: HandshakeAllThreads done
Event: 4.399 Executing VM operation: HandshakeAllThreads
Event: 4.399 Executing VM operation: HandshakeAllThreads done
Event: 5.404 Executing VM operation: Cleanup
Event: 5.404 Executing VM operation: Cleanup done
Event: 6.054 Executing VM operation: G1CollectForAllocation
Event: 6.066 Executing VM operation: G1CollectForAllocation done
Event: 6.067 Executing VM operation: Cleanup
Event: 6.067 Executing VM operation: Cleanup done
Event: 6.766 Executing VM operation: HandshakeAllThreads
Event: 6.766 Executing VM operation: HandshakeAllThreads done
Event: 6.956 Executing VM operation: ICBufferFull
Event: 6.957 Executing VM operation: ICBufferFull done
Event: 7.054 Executing VM operation: HandshakeAllThreads
Event: 7.054 Executing VM operation: HandshakeAllThreads done

Events (20 events):
Event: 4.436 loading class java/util/regex/Pattern$Loop
Event: 4.436 loading class java/util/regex/Pattern$Loop done
Event: 4.436 loading class java/util/regex/Pattern$LazyLoop done
Event: 4.436 loading class java/util/regex/Pattern$Prolog
Event: 4.436 loading class java/util/regex/Pattern$Prolog done
Event: 4.449 Thread 0x0000026d7f6a15c0 Thread exited: 0x0000026d7f6a15c0
Event: 4.684 Thread 0x0000026d027c45c0 Thread added: 0x0000026d027c45c0
Event: 5.057 loading class javax/naming/ldap/LdapContext
Event: 5.057 loading class javax/naming/directory/DirContext
Event: 5.057 loading class javax/naming/directory/DirContext done
Event: 5.060 loading class javax/naming/ldap/LdapContext done
Event: 5.261 Thread 0x0000026d027c45c0 Thread exited: 0x0000026d027c45c0
Event: 5.488 loading class java/lang/Deprecated
Event: 5.488 loading class java/lang/Deprecated done
Event: 6.253 loading class java/nio/charset/CharacterCodingException
Event: 6.254 loading class java/nio/charset/CharacterCodingException done
Event: 7.244 loading class java/lang/UnsupportedClassVersionError
Event: 7.244 loading class java/lang/ClassFormatError
Event: 7.244 loading class java/lang/ClassFormatError done
Event: 7.244 loading class java/lang/UnsupportedClassVersionError done


Dynamic libraries:
0x00007ff6fda70000 - 0x00007ff6fda80000 	C:\Program Files\Java\jdk-17.0.2\bin\javaw.exe
0x00007ffb38490000 - 0x00007ffb38688000 	C:\Windows\SYSTEM32\ntdll.dll
0x00007ffb375b0000 - 0x00007ffb3766f000 	C:\Windows\System32\KERNEL32.DLL
0x00007ffb35ec0000 - 0x00007ffb36192000 	C:\Windows\System32\KERNELBASE.dll
0x00007ffb36330000 - 0x00007ffb36430000 	C:\Windows\System32\ucrtbase.dll
0x00007ffb116d0000 - 0x00007ffb116ea000 	C:\Program Files\Java\jdk-17.0.2\bin\VCRUNTIME140.dll
0x00007ffb116b0000 - 0x00007ffb116c8000 	C:\Program Files\Java\jdk-17.0.2\bin\jli.dll
0x00007ffb381b0000 - 0x00007ffb3825e000 	C:\Windows\System32\ADVAPI32.dll
0x00007ffb383b0000 - 0x00007ffb3844e000 	C:\Windows\System32\msvcrt.dll
0x00007ffb38310000 - 0x00007ffb383ac000 	C:\Windows\System32\sechost.dll
0x00007ffb37890000 - 0x00007ffb379b5000 	C:\Windows\System32\RPCRT4.dll
0x00007ffb36560000 - 0x00007ffb36701000 	C:\Windows\System32\USER32.dll
0x00007ffb35b80000 - 0x00007ffb35ba2000 	C:\Windows\System32\win32u.dll
0x00007ffb364d0000 - 0x00007ffb364fb000 	C:\Windows\System32\GDI32.dll
0x00007ffb23210000 - 0x00007ffb234aa000 	C:\Windows\WinSxS\amd64_microsoft.windows.common-controls_6595b64144ccf1df_6.0.19041.1110_none_60b5254171f9507e\COMCTL32.dll
0x00007ffb35d10000 - 0x00007ffb35e1f000 	C:\Windows\System32\gdi32full.dll
0x00007ffb35e20000 - 0x00007ffb35ebd000 	C:\Windows\System32\msvcp_win.dll
0x00007ffb265d0000 - 0x00007ffb265da000 	C:\Windows\SYSTEM32\VERSION.dll
0x00007ffb37490000 - 0x00007ffb374c2000 	C:\Windows\System32\IMM32.DLL
0x00007ffb16d40000 - 0x00007ffb16d4c000 	C:\Program Files\Java\jdk-17.0.2\bin\vcruntime140_1.dll
0x00007ffb069d0000 - 0x00007ffb06a5d000 	C:\Program Files\Java\jdk-17.0.2\bin\msvcp140.dll
0x00007ffadbdd0000 - 0x00007ffadc991000 	C:\Program Files\Java\jdk-17.0.2\bin\server\jvm.dll
0x00007ffb368c0000 - 0x00007ffb368c8000 	C:\Windows\System32\PSAPI.DLL
0x00007ffb142f0000 - 0x00007ffb142f9000 	C:\Windows\SYSTEM32\WSOCK32.dll
0x00007ffb37ae0000 - 0x00007ffb37b4b000 	C:\Windows\System32\WS2_32.dll
0x00007ffb271e0000 - 0x00007ffb27207000 	C:\Windows\SYSTEM32\WINMM.dll
0x00007ffb33960000 - 0x00007ffb33972000 	C:\Windows\SYSTEM32\kernel.appcore.dll
0x00007ffb143b0000 - 0x00007ffb143ba000 	C:\Program Files\Java\jdk-17.0.2\bin\jimage.dll
0x00007ffb26220000 - 0x00007ffb26404000 	C:\Windows\SYSTEM32\DBGHELP.DLL
0x00007ffb260e0000 - 0x00007ffb26115000 	C:\Windows\SYSTEM32\dbgcore.DLL
0x00007ffb361a0000 - 0x00007ffb36222000 	C:\Windows\System32\bcryptPrimitives.dll
0x00007ffb18d20000 - 0x00007ffb18d5b000 	C:\Program Files\Java\jdk-17.0.2\bin\jdwp.dll
0x00007ffb31810000 - 0x00007ffb3181e000 	C:\Program Files\Java\jdk-17.0.2\bin\instrument.dll
0x00007ffb12a50000 - 0x00007ffb12a75000 	C:\Program Files\Java\jdk-17.0.2\bin\java.dll
0x00007ffadcb70000 - 0x00007ffadcc46000 	C:\Program Files\Java\jdk-17.0.2\bin\jsvml.dll
0x00007ffb368d0000 - 0x00007ffb37014000 	C:\Windows\System32\SHELL32.dll
0x00007ffb33c40000 - 0x00007ffb343d2000 	C:\Windows\SYSTEM32\windows.storage.dll
0x00007ffb37b50000 - 0x00007ffb37ea5000 	C:\Windows\System32\combase.dll
0x00007ffb35570000 - 0x00007ffb355a0000 	C:\Windows\SYSTEM32\Wldp.dll
0x00007ffb38260000 - 0x00007ffb3830d000 	C:\Windows\System32\SHCORE.dll
0x00007ffb380c0000 - 0x00007ffb38115000 	C:\Windows\System32\shlwapi.dll
0x00007ffb35ac0000 - 0x00007ffb35adf000 	C:\Windows\SYSTEM32\profapi.dll
0x00007ffb2e930000 - 0x00007ffb2e93c000 	C:\Program Files\Java\jdk-17.0.2\bin\dt_socket.dll
0x00007ffb34fc0000 - 0x00007ffb34ffb000 	C:\Windows\SYSTEM32\IPHLPAPI.DLL
0x00007ffb352d0000 - 0x00007ffb3533a000 	C:\Windows\system32\mswsock.dll
0x00007ffb35000000 - 0x00007ffb350ca000 	C:\Windows\SYSTEM32\DNSAPI.dll
0x00007ffb37eb0000 - 0x00007ffb37eb8000 	C:\Windows\System32\NSI.dll
0x00007ffb29490000 - 0x00007ffb2949a000 	C:\Windows\System32\rasadhlp.dll
0x00007ffb28b90000 - 0x00007ffb28c10000 	C:\Windows\System32\fwpuclnt.dll
0x00007ffb36430000 - 0x00007ffb36457000 	C:\Windows\System32\bcrypt.dll
0x00007ffb14300000 - 0x00007ffb14318000 	C:\Program Files\Java\jdk-17.0.2\bin\zip.dll
0x00007ffb148c0000 - 0x00007ffb148d9000 	C:\Program Files\Java\jdk-17.0.2\bin\net.dll
0x00007ffb2c520000 - 0x00007ffb2c62c000 	C:\Windows\SYSTEM32\WINHTTP.dll
0x00007ffb14500000 - 0x00007ffb14516000 	C:\Program Files\Java\jdk-17.0.2\bin\nio.dll
0x00007ffb2f110000 - 0x00007ffb2f120000 	C:\Program Files\Java\jdk-17.0.2\bin\verify.dll
0x00007ffb2e920000 - 0x00007ffb2e929000 	C:\Program Files\Java\jdk-17.0.2\bin\management.dll
0x00007ffb2d690000 - 0x00007ffb2d69b000 	C:\Program Files\Java\jdk-17.0.2\bin\management_ext.dll
0x00007ffb156c0000 - 0x00007ffb156d7000 	C:\Windows\system32\napinsp.dll
0x00007ffb156a0000 - 0x00007ffb156bb000 	C:\Windows\system32\pnrpnsp.dll
0x00007ffb15680000 - 0x00007ffb15695000 	C:\Windows\system32\wshbth.dll
0x00007ffb31670000 - 0x00007ffb3168d000 	C:\Windows\system32\NLAapi.dll
0x00007ffb15360000 - 0x00007ffb15372000 	C:\Windows\System32\winrnr.dll

dbghelp: loaded successfully - version: 4.0.5 - missing functions: none
symbol engine: initialized successfully - sym options: 0x614 - pdb path: .;C:\Program Files\Java\jdk-17.0.2\bin;C:\Windows\SYSTEM32;C:\Windows\WinSxS\amd64_microsoft.windows.common-controls_6595b64144ccf1df_6.0.19041.1110_none_60b5254171f9507e;C:\Program Files\Java\jdk-17.0.2\bin\server

VM Arguments:
jvm_args: -XX:+ShowCodeDetailsInExceptionMessages -agentlib:jdwp=transport=dt_socket,suspend=y,address=localhost:61814 -javaagent:C:\Users\fangu\eclipse\jee-2022-03\eclipse\configuration\org.eclipse.osgi\422\0\.cp\lib\javaagent-shaded.jar -Dfile.encoding=UTF-8 
java_command: com.spaceData.spacemicroservice.SpaceMicroserviceApplication
java_class_path (initial): C:\Users\fangu\OneDrive\Documentos\SpringCloudSpace\space-microservice\target\classes;C:\Users\fangu\.m2\repository\org\springframework\boot\spring-boot-starter-data-jpa\2.7.7\spring-boot-starter-data-jpa-2.7.7.jar;C:\Users\fangu\.m2\repository\org\springframework\boot\spring-boot-starter-aop\2.7.7\spring-boot-starter-aop-2.7.7.jar;C:\Users\fangu\.m2\repository\org\springframework\spring-aop\5.3.24\spring-aop-5.3.24.jar;C:\Users\fangu\.m2\repository\org\aspectj\aspectjweaver\1.9.7\aspectjweaver-1.9.7.jar;C:\Users\fangu\.m2\repository\org\springframework\boot\spring-boot-starter-jdbc\2.7.7\spring-boot-starter-jdbc-2.7.7.jar;C:\Users\fangu\.m2\repository\com\zaxxer\HikariCP\4.0.3\HikariCP-4.0.3.jar;C:\Users\fangu\.m2\repository\org\springframework\spring-jdbc\5.3.24\spring-jdbc-5.3.24.jar;C:\Users\fangu\.m2\repository\jakarta\transaction\jakarta.transaction-api\1.3.3\jakarta.transaction-api-1.3.3.jar;C:\Users\fangu\.m2\repository\jakarta\persistence\jakarta.persistence-api\2.2.3\jakarta.persistence-api-2.2.3.jar;C:\Users\fangu\.m2\repository\org\hibernate\hibernate-core\5.6.14.Final\hibernate-core-5.6.14.Final.jar;C:\Users\fangu\.m2\repository\org\jboss\logging\jboss-logging\3.4.3.Final\jboss-logging-3.4.3.Final.jar;C:\Users\fangu\.m2\repository\net\bytebuddy\byte-buddy\1.12.20\byte-buddy-1.12.20.jar;C:\Users\fangu\.m2\repository\antlr\antlr\2.7.7\antlr-2.7.7.jar;C:\Users\fangu\.m2\repository\org\jboss\jandex\2.4.2.Final\jandex-2.4.2.Final.jar;C:\Users\fangu\.m2\repository\com\fasterxml\classmate\1.5.1\classmate-1.5.1.jar;C:\Users\fangu\.m2\repository\org\hibernate\common\hibernate-commons-annotations\5.1.2.Final\hibernate-commons-annotations-5.1.2.Final.jar;C:\Users\fangu\.m2\repository\org\glassfish\jaxb\jaxb-runtime\2.3.7\jaxb-runtime-2.3.7.jar;C:\Users\fangu\.m2\repository\org\glassfish\jaxb\txw2\2.3.7\txw2-2.3.7.jar;C:\Users\fangu\.m2\repository\com\sun\istack\istack-commons-runtime\3.0.12\istack-commons-runtime-3.0.12.jar;C:\Users\fa
Launcher Type: SUN_STANDARD

[Global flags]
     intx CICompilerCount                          = 3                                         {product} {ergonomic}
     uint ConcGCThreads                            = 1                                         {product} {ergonomic}
     uint G1ConcRefinementThreads                  = 4                                         {product} {ergonomic}
   size_t G1HeapRegionSize                         = 2097152                                   {product} {ergonomic}
    uintx GCDrainStackTargetSize                   = 64                                        {product} {ergonomic}
   size_t InitialHeapSize                          = 201326592                                 {product} {ergonomic}
   size_t MarkStackSize                            = 4194304                                   {product} {ergonomic}
   size_t MaxHeapSize                              = 3191865344                                {product} {ergonomic}
   size_t MaxNewSize                               = 1914699776                                {product} {ergonomic}
   size_t MinHeapDeltaBytes                        = 2097152                                   {product} {ergonomic}
   size_t MinHeapSize                              = 8388608                                   {product} {ergonomic}
    uintx NonNMethodCodeHeapSize                   = 5832780                                {pd product} {ergonomic}
    uintx NonProfiledCodeHeapSize                  = 122912730                              {pd product} {ergonomic}
    uintx ProfiledCodeHeapSize                     = 122912730                              {pd product} {ergonomic}
    uintx ReservedCodeCacheSize                    = 251658240                              {pd product} {ergonomic}
     bool SegmentedCodeCache                       = true                                      {product} {ergonomic}
     bool ShowCodeDetailsInExceptionMessages       = true                                   {manageable} {command line}
   size_t SoftMaxHeapSize                          = 3191865344                             {manageable} {ergonomic}
     bool UseCompressedClassPointers               = true                           {product lp64_product} {ergonomic}
     bool UseCompressedOops                        = true                           {product lp64_product} {ergonomic}
     bool UseG1GC                                  = true                                      {product} {ergonomic}
     bool UseLargePagesIndividualAllocation        = false                                  {pd product} {ergonomic}

Logging:
Log output configuration:
 #0: stdout all=warning uptime,level,tags
 #1: stderr all=off uptime,level,tags

Environment Variables:
JAVA_HOME=C:\Program Files\Java\jdk1.8.0_331
PATH=C:/Program Files/Java/jdk-17.0.2/bin/server;C:/Program Files/Java/jdk-17.0.2/bin;C:\Program Files\Eclipse Foundation\jdk-8.0.302.8-hotspot\bin;C:\Program Files\Common Files\Oracle\Java\javapath;C:\Windows\system32;C:\Windows;C:\Windows\System32\Wbem;C:\Windows\System32\WindowsPowerShell\v1.0\;C:\Windows\System32\OpenSSH\;C:\Program Files\Polyspace\R2020a\runtime\win64;C:\Program Files\Polyspace\R2020a\bin;C:\Program Files\Polyspace\R2020a\polyspace\bin;C:\Program Files\Git\cmd;C:\Program Files\MATLAB\MATLAB Runtime\v98\runtime\win64;C:\Users\fangu\OneDrive\Documentos\Instaladores\apache-maven-3.8.5\bin;C:\Users\fangu\AppData\Roaming\npm;C:\Users\fangu\AppData\Roaming\npm\node_modules\@angular\cli\bin;C:\Users\fangu\AppData\Roaming\nvm;C:\Program Files\nodejs;C:\Program Files\nodejs\;C:\Program Files\TortoiseGit\bin;C:\Program Files\dotnet\;C:\Program Files\Docker\Docker\resources\bin;C:\Users\fangu\AppData\Local\Programs\Python\Python39\Scripts\;C:\Users\fangu\AppData\Local\Programs\Python\Python39\;C:\Users\fangu\AppData\Local\Microsoft\WindowsApps;C:\Users\fangu\AppData\Local\Programs\Microsoft VS Code\bin;C:\Program Files\nodejs;C:\Program Files\heroku\bin;C:\Users\fangu\AppData\Roaming\nvm;C:\Program Files\nodejs;C:\Users\fangu\AppData\Roaming\npm;C:\Users\fangu\.dotnet\tools;C:\Windows\system32;
USERNAME=fangu
OS=Windows_NT
PROCESSOR_IDENTIFIER=Intel64 Family 6 Model 58 Stepping 9, GenuineIntel



---------------  S Y S T E M  ---------------

OS:
 Windows 10 , 64 bit Build 19041 (10.0.19041.2364)
OS uptime: 0 days 23:01 hours

CPU: total 4 (initial active 4) (2 cores per cpu, 2 threads per core) family 6 model 58 stepping 9 microcode 0x21, cx8, cmov, fxsr, ht, mmx, sse, sse2, sse3, ssse3, sse4.1, sse4.2, popcnt, tsc, tscinvbit, avx, aes, erms, clmul, vzeroupper, clflush

Memory: 4k page, system-wide physical 12169M (791M free)
TotalPageFile size 19712M (AvailPageFile size 5M)
current process WorkingSet (physical memory assigned to process): 255M, peak: 255M
current process commit charge ("private bytes"): 363M, peak: 365M

vm_info: Java HotSpot(TM) 64-Bit Server VM (17.0.2+8-LTS-86) for windows-amd64 JRE (17.0.2+8-LTS-86), built on Dec  7 2021 21:51:03 by "mach5one" with MS VC++ 16.8 / 16.9 (VS2019)

END.
